Esoteric1#4667 was doing none but is now doing none
Esoteric1#4667 was doing none but is now doing none
Logged in as Game Time
Logged in as Game Time
Esoteric1#4667 was doing none but is now doing none
Esoteric1#4667 was doing none but is now doing none
Esoteric1#4667 was in None
Esoteric1#4667 is now in game-time
Game Time#0461 was in None
Game Time#0461 is now in game-time
Esoteric1#4667 was in game-time
Esoteric1#4667 is now in None
Esoteric1#4667 was in None
Esoteric1#4667 is now in kript-skiddies
Game Time#0461 was in game-time
Game Time#0461 is now in kript-skiddies
Esoteric1#4667 was in kript-skiddies
Esoteric1#4667 is now in None
Esoteric1#4667 was doing none but is now doing none
Esoteric1#4667 was doing none but is now doing none
bluelephant72#4526 was doing Dota 2 but is now doing none
bluelephant72#4526 was doing none but is now doing Stellaris
pipdey#4096 was doing RuneLite but is now doing RuneLite
Itzcraze#4352 was doing none but is now doing None
Itzcraze#4352 was doing None but is now doing none
Itzcraze#4352 was doing none but is now doing Minecraft
pipdey#4096 was doing RuneLite but is now doing RuneLite
pipdey#4096 was doing RuneLite but is now doing RuneLite
pipdey#4096 was doing RuneLite but is now doing RuneLite
pipdey#4096 was doing RuneLite but is now doing RuneLite
pipdey#4096 was doing RuneLite but is now doing RuneLite
pipdey#4096 was doing RuneLite but is now doing RuneLite
pipdey#4096 was doing RuneLite but is now doing RuneLite
pipdey#4096 was doing RuneLite but is now doing RuneLite
pipdey#4096 was doing RuneLite but is now doing RuneLite
pipdey#4096 was doing RuneLite but is now doing RuneLite
pipdey#4096 was doing RuneLite but is now doing RuneLite
pipdey#4096 was doing RuneLite but is now doing RuneLite
pipdey#4096 was doing RuneLite but is now doing RuneLite
pipdey#4096 was doing RuneLite but is now doing RuneLite
pipdey#4096 was doing RuneLite but is now doing RuneLite
pipdey#4096 was doing RuneLite but is now doing RuneLite
pipdey#4096 was doing RuneLite but is now doing RuneLite
pipdey#4096 was doing RuneLite but is now doing RuneLite
pipdey#4096 was doing RuneLite but is now doing RuneLite
pipdey#4096 was doing RuneLite but is now doing RuneLite
pipdey#4096 was doing RuneLite but is now doing RuneLite
pipdey#4096 was doing RuneLite but is now doing RuneLite
pipdey#4096 was doing RuneLite but is now doing RuneLite
pipdey#4096 was doing RuneLite but is now doing RuneLite
pipdey#4096 was doing RuneLite but is now doing RuneLite
pipdey#4096 was doing RuneLite but is now doing RuneLite
pipdey#4096 was doing RuneLite but is now doing RuneLite
pipdey#4096 was doing RuneLite but is now doing RuneLite
pipdey#4096 was doing RuneLite but is now doing RuneLite
pipdey#4096 was doing RuneLite but is now doing RuneLite
pipdey#4096 was doing RuneLite but is now doing RuneLite
pipdey#4096 was doing RuneLite but is now doing RuneLite
pipdey#4096 was doing RuneLite but is now doing RuneLite
pipdey#4096 was doing RuneLite but is now doing RuneLite
pipdey#4096 was doing RuneLite but is now doing RuneLite
pipdey#4096 was doing RuneLite but is now doing RuneLite
pipdey#4096 was doing RuneLite but is now doing RuneLite
pipdey#4096 was doing RuneLite but is now doing RuneLite
pipdey#4096 was doing RuneLite but is now doing RuneLite
pipdey#4096 was doing RuneLite but is now doing RuneLite
pipdey#4096 was doing RuneLite but is now doing RuneLite
pipdey#4096 was doing RuneLite but is now doing RuneLite
pipdey#4096 was doing RuneLite but is now doing RuneLite
pipdey#4096 was doing RuneLite but is now doing RuneLite
pipdey#4096 was doing RuneLite but is now doing RuneLite
pipdey#4096 was doing RuneLite but is now doing RuneLite
pipdey#4096 was doing RuneLite but is now doing RuneLite
pipdey#4096 was doing RuneLite but is now doing RuneLite
Stinno#7876 was doing none but is now doing Spotify
Stinno#7876 was doing Spotify but is now doing none
Stinno#7876 was doing none but is now doing Spotify
Itzcraze#4352 was doing Minecraft but is now doing Rocket League
Itzcraze#4352 was doing Rocket League but is now doing Rocket League
Itzcraze#4352 was doing Rocket League but is now doing Rocket League
Stinno#7876 was doing Spotify but is now doing Spotify
Esoteric1#4667 was doing none but is now doing none
Esoteric1#4667 was doing none but is now doing none
Esoteric1#4667 was doing none but is now doing none
Esoteric1#4667 was doing none but is now doing none
pipdey#4096 was doing RuneLite but is now doing RuneLite
Stinno#7876 was doing Spotify but is now doing Spotify
Stinno#7876 was doing Spotify but is now doing Spotify
Stinno#7876 was doing Spotify but is now doing Spotify
Stinno#7876 was doing Spotify but is now doing Spotify
Stinno#7876 was doing Spotify but is now doing Spotify
Stinno#7876 was doing Spotify but is now doing Spotify
Stinno#7876 was doing Spotify but is now doing Spotify
Stinno#7876 was doing Spotify but is now doing Spotify
Stinno#7876 was doing Spotify but is now doing Spotify
Stinno#7876 was doing Spotify but is now doing Spotify
Stinno#7876 was doing Spotify but is now doing Spotify
Stinno#7876 was doing Spotify but is now doing Spotify
Stinno#7876 was doing Spotify but is now doing Spotify
Stinno#7876 was doing Spotify but is now doing Spotify
Stinno#7876 was doing Spotify but is now doing Spotify
Itzcraze#4352 was doing Rocket League but is now doing Rocket League
Stinno#7876 was doing Spotify but is now doing Spotify
Stinno#7876 was doing Spotify but is now doing Spotify
Stinno#7876 was doing Spotify but is now doing Spotify
Stinno#7876 was doing Spotify but is now doing Spotify
Stinno#7876 was doing Spotify but is now doing Spotify
Stinno#7876 was doing Spotify but is now doing Spotify
Stinno#7876 was doing Spotify but is now doing Spotify
Stinno#7876 was doing Spotify but is now doing Spotify
Stinno#7876 was doing Spotify but is now doing Spotify
Stinno#7876 was doing Spotify but is now doing Spotify
Stinno#7876 was doing Spotify but is now doing Spotify
Stinno#7876 was doing Spotify but is now doing Spotify
Stinno#7876 was doing Spotify but is now doing Spotify
Stinno#7876 was doing Spotify but is now doing Spotify
Esoteric1#4667 was doing none but is now doing none
Esoteric1#4667 was doing none but is now doing none
Stinno#7876 was doing Spotify but is now doing Spotify
Stinno#7876 was doing Spotify but is now doing Spotify
Stinno#7876 was doing Spotify but is now doing Spotify
Stinno#7876 was doing Spotify but is now doing Spotify
Stinno#7876 was doing Spotify but is now doing Spotify
Stinno#7876 was doing Spotify but is now doing Spotify
pipdey#4096 was doing RuneLite but is now doing RuneLite
Stinno#7876 was doing Spotify but is now doing Spotify
Itzcraze#4352 was doing Rocket League but is now doing Rocket League
Stinno#7876 was doing Spotify but is now doing Spotify
Itzcraze#4352 was doing Rocket League but is now doing Rocket League
Stinno#7876 was doing Spotify but is now doing Spotify
Itzcraze#4352 was doing Rocket League but is now doing Rocket League
Itzcraze#4352 was doing Rocket League but is now doing Rocket League
pipdey#4096 was doing RuneLite but is now doing RuneLite
Stinno#7876 was doing Spotify but is now doing Spotify
Stinno#7876 was doing Spotify but is now doing Spotify
Itzcraze#4352 was doing Rocket League but is now doing Rocket League
Stinno#7876 was doing Spotify but is now doing Spotify
Stinno#7876 was doing Spotify but is now doing Spotify
Stinno#7876 was doing Spotify but is now doing Spotify
Itzcraze#4352 was doing Rocket League but is now doing Rocket League
Stinno#7876 was doing Spotify but is now doing Spotify
Stinno#7876 was doing Spotify but is now doing none
Stinno#7876 was doing none but is now doing Spotify
Stinno#7876 was doing Spotify but is now doing Spotify
Stinno#7876 was doing Spotify but is now doing Spotify
Stinno#7876 was doing Spotify but is now doing Spotify
Stinno#7876 was doing Spotify but is now doing Spotify
Stinno#7876 was doing Spotify but is now doing Spotify
Stinno#7876 was doing Spotify but is now doing Spotify
Stinno#7876 was doing Spotify but is now doing Spotify
Stinno#7876 was doing Spotify but is now doing Spotify
Stinno#7876 was doing Spotify but is now doing Spotify
Itzcraze#4352 was doing Rocket League but is now doing Rocket League
Itzcraze#4352 was doing Rocket League but is now doing Rocket League
Stinno#7876 was doing Spotify but is now doing Spotify
Stinno#7876 was doing Spotify but is now doing Spotify
Stinno#7876 was doing Spotify but is now doing Spotify
Itzcraze#4352 was doing Rocket League but is now doing Rocket League
Itzcraze#4352 was doing Rocket League but is now doing Minecraft
Itzcraze#4352 was doing Minecraft but is now doing Minecraft
Itzcraze#4352 was doing Minecraft but is now doing none
Stinno#7876 was doing Spotify but is now doing Spotify
Stinno#7876 was doing Spotify but is now doing Spotify
Itzcraze#4352 was doing none but is now doing League of Legends
Itzcraze#4352 was doing League of Legends but is now doing League of Legends
Stinno#7876 was doing Spotify but is now doing Spotify
Itzcraze#4352 was doing League of Legends but is now doing League of Legends
Itzcraze#4352 was doing League of Legends but is now doing League of Legends
Stinno#7876 was doing Spotify but is now doing Spotify
Stinno#7876 was doing Spotify but is now doing Spotify
Stinno#7876 was doing Spotify but is now doing Spotify
Stinno#7876 was doing Spotify but is now doing Spotify
Stinno#7876 was doing Spotify but is now doing Spotify
Stinno#7876 was doing Spotify but is now doing Spotify
pipdey#4096 was doing RuneLite but is now doing RuneLite
Stinno#7876 was doing Spotify but is now doing Spotify
Stinno#7876 was doing Spotify but is now doing Spotify
Ineptt.#0159 was in None
Ineptt.#0159 is now in ðŸŽ® game-time ðŸŽ®
Game Time#0461 was in None
Game Time#0461 is now in ðŸŽ® game-time ðŸŽ®
pipdey#4096 was doing RuneLite but is now doing RuneLite
pipdey#4096 was doing RuneLite but is now doing RuneLite
Stinno#7876 was doing Spotify but is now doing Spotify
Gepru#5643 was doing none but is now doing none
Gepru#5643 was doing none but is now doing none
Gepru#5643 was in None
Gepru#5643 is now in ðŸŽ® game-time ðŸŽ®
Game Time#0461 was in ðŸŽ® game-time ðŸŽ®
Game Time#0461 is now in ðŸŽ® game-time ðŸŽ®
Gepru#5643 was doing none but is now doing Call of Duty: Modern Warfare
Gepru#5643 was doing none but is now doing Call of Duty: Modern Warfare
Gepru#5643 was doing Call of Duty: Modern Warfare but is now doing Call of DutyÂ®: Modern WarfareÂ®
Gepru#5643 was doing Call of Duty: Modern Warfare but is now doing Call of DutyÂ®: Modern WarfareÂ®
Stinno#7876 was doing Spotify but is now doing Spotify
Gepru#5643 was doing Call of DutyÂ®: Modern WarfareÂ® but is now doing Call of DutyÂ®: Modern WarfareÂ®
Gepru#5643 was doing Call of DutyÂ®: Modern WarfareÂ® but is now doing Call of DutyÂ®: Modern WarfareÂ®
Itzcraze#4352 was doing League of Legends but is now doing League of Legends
Itzcraze#4352 was doing League of Legends but is now doing none
Gepru#5643 was doing Call of DutyÂ®: Modern WarfareÂ® but is now doing Call of DutyÂ®: Modern WarfareÂ®
Gepru#5643 was doing Call of DutyÂ®: Modern WarfareÂ® but is now doing Call of DutyÂ®: Modern WarfareÂ®
Gepru#5643 was doing Call of DutyÂ®: Modern WarfareÂ® but is now doing Call of DutyÂ®: Modern WarfareÂ®
Gepru#5643 was doing Call of DutyÂ®: Modern WarfareÂ® but is now doing Call of DutyÂ®: Modern WarfareÂ®
Itzcraze#4352 was doing none but is now doing League of Legends
Itzcraze#4352 was doing League of Legends but is now doing League of Legends
Gepru#5643 was doing Call of DutyÂ®: Modern WarfareÂ® but is now doing Call of DutyÂ®: Modern WarfareÂ®
Gepru#5643 was doing Call of DutyÂ®: Modern WarfareÂ® but is now doing Call of DutyÂ®: Modern WarfareÂ®
Stinno#7876 was doing Spotify but is now doing Spotify
pipdey#4096 was doing RuneLite but is now doing RuneLite
Itzcraze#4352 was doing League of Legends but is now doing League of Legends
Stinno#7876 was doing Spotify but is now doing Spotify
Itzcraze#4352 was doing League of Legends but is now doing League of Legends
Stinno#7876 was doing Spotify but is now doing Spotify
Gepru#5643 was doing Call of DutyÂ®: Modern WarfareÂ® but is now doing Call of DutyÂ®: Modern WarfareÂ®
Gepru#5643 was doing Call of DutyÂ®: Modern WarfareÂ® but is now doing Call of DutyÂ®: Modern WarfareÂ®
Gepru#5643 was doing Call of DutyÂ®: Modern WarfareÂ® but is now doing Call of DutyÂ®: Modern WarfareÂ®
Gepru#5643 was doing Call of DutyÂ®: Modern WarfareÂ® but is now doing Call of DutyÂ®: Modern WarfareÂ®
Gepru#5643 was doing Call of DutyÂ®: Modern WarfareÂ® but is now doing Call of DutyÂ®: Modern WarfareÂ®
Gepru#5643 was doing Call of DutyÂ®: Modern WarfareÂ® but is now doing Call of DutyÂ®: Modern WarfareÂ®
Gepru#5643 was doing Call of DutyÂ®: Modern WarfareÂ® but is now doing Call of DutyÂ®: Modern WarfareÂ®
Gepru#5643 was doing Call of DutyÂ®: Modern WarfareÂ® but is now doing Call of DutyÂ®: Modern WarfareÂ®
Stinno#7876 was doing Spotify but is now doing Spotify
Gepru#5643 was doing Call of DutyÂ®: Modern WarfareÂ® but is now doing Call of DutyÂ®: Modern WarfareÂ®
Gepru#5643 was doing Call of DutyÂ®: Modern WarfareÂ® but is now doing Call of DutyÂ®: Modern WarfareÂ®
Stinno#7876 was doing Spotify but is now doing Spotify
Gepru#5643 was doing Call of DutyÂ®: Modern WarfareÂ® but is now doing Call of DutyÂ®: Modern WarfareÂ®
Gepru#5643 was doing Call of DutyÂ®: Modern WarfareÂ® but is now doing Call of DutyÂ®: Modern WarfareÂ®
bluelephant72#4526 was doing Stellaris but is now doing none
bluelephant72#4526 was doing none but is now doing Dota 2
Stinno#7876 was doing Spotify but is now doing Spotify
Stinno#7876 was doing Spotify but is now doing Spotify
Gepru#5643 was doing Call of DutyÂ®: Modern WarfareÂ® but is now doing Call of DutyÂ®: Modern WarfareÂ®
Gepru#5643 was doing Call of DutyÂ®: Modern WarfareÂ® but is now doing Call of DutyÂ®: Modern WarfareÂ®
Gepru#5643 was doing Call of DutyÂ®: Modern WarfareÂ® but is now doing Call of DutyÂ®: Modern WarfareÂ®
Gepru#5643 was doing Call of DutyÂ®: Modern WarfareÂ® but is now doing Call of DutyÂ®: Modern WarfareÂ®
Gepru#5643 was doing Call of DutyÂ®: Modern WarfareÂ® but is now doing Call of DutyÂ®: Modern WarfareÂ®
Gepru#5643 was doing Call of DutyÂ®: Modern WarfareÂ® but is now doing Call of DutyÂ®: Modern WarfareÂ®
Gepru#5643 was doing Call of DutyÂ®: Modern WarfareÂ® but is now doing Call of DutyÂ®: Modern WarfareÂ®
Gepru#5643 was doing Call of DutyÂ®: Modern WarfareÂ® but is now doing Call of DutyÂ®: Modern WarfareÂ®
Stinno#7876 was doing Spotify but is now doing Spotify
Itzcraze#4352 was doing League of Legends but is now doing League of Legends
Itzcraze#4352 was doing League of Legends but is now doing none
Stinno#7876 was doing Spotify but is now doing Spotify
Itzcraze#4352 was doing none but is now doing League of Legends
Itzcraze#4352 was doing League of Legends but is now doing none
Itzcraze#4352 was doing none but is now doing Minecraft
Stinno#7876 was doing Spotify but is now doing Spotify
Gepru#5643 was doing Call of DutyÂ®: Modern WarfareÂ® but is now doing Call of DutyÂ®: Modern WarfareÂ®
Gepru#5643 was doing Call of DutyÂ®: Modern WarfareÂ® but is now doing Call of DutyÂ®: Modern WarfareÂ®
Gepru#5643 was doing Call of DutyÂ®: Modern WarfareÂ® but is now doing Call of DutyÂ®: Modern WarfareÂ®
Gepru#5643 was doing Call of DutyÂ®: Modern WarfareÂ® but is now doing Call of DutyÂ®: Modern WarfareÂ®
Gepru#5643 was doing Call of DutyÂ®: Modern WarfareÂ® but is now doing Call of DutyÂ®: Modern WarfareÂ®
Gepru#5643 was doing Call of DutyÂ®: Modern WarfareÂ® but is now doing Call of DutyÂ®: Modern WarfareÂ®
Gepru#5643 was doing Call of DutyÂ®: Modern WarfareÂ® but is now doing Call of DutyÂ®: Modern WarfareÂ®
Gepru#5643 was doing Call of DutyÂ®: Modern WarfareÂ® but is now doing Call of DutyÂ®: Modern WarfareÂ®
Stinno#7876 was doing Spotify but is now doing Spotify
Esoteric1#4667 was doing none but is now doing none
Esoteric1#4667 was doing none but is now doing none
Stinno#7876 was doing Spotify but is now doing Spotify
Esoteric1#4667 was doing none but is now doing none
Esoteric1#4667 was doing none but is now doing none
Stinno#7876 was doing Spotify but is now doing Spotify
Gepru#5643 was in ðŸŽ® game-time ðŸŽ®
Gepru#5643 is now in ðŸŽ® game-time ðŸŽ®
Stinno#7876 was doing Spotify but is now doing Spotify
Gepru#5643 was in ðŸŽ® game-time ðŸŽ®
Gepru#5643 is now in ðŸŽ® game-time ðŸŽ®
Gepru#5643 was doing Call of DutyÂ®: Modern WarfareÂ® but is now doing Call of DutyÂ®: Modern WarfareÂ®
Gepru#5643 was doing Call of DutyÂ®: Modern WarfareÂ® but is now doing Call of DutyÂ®: Modern WarfareÂ®
Gepru#5643 was doing Call of DutyÂ®: Modern WarfareÂ® but is now doing Call of DutyÂ®: Modern WarfareÂ®
Gepru#5643 was doing Call of DutyÂ®: Modern WarfareÂ® but is now doing Call of DutyÂ®: Modern WarfareÂ®
Gepru#5643 was doing Call of DutyÂ®: Modern WarfareÂ® but is now doing Call of DutyÂ®: Modern WarfareÂ®
Gepru#5643 was doing Call of DutyÂ®: Modern WarfareÂ® but is now doing Call of DutyÂ®: Modern WarfareÂ®
Gepru#5643 was doing Call of DutyÂ®: Modern WarfareÂ® but is now doing Call of DutyÂ®: Modern WarfareÂ®
Gepru#5643 was doing Call of DutyÂ®: Modern WarfareÂ® but is now doing Call of DutyÂ®: Modern WarfareÂ®
Gepru#5643 was doing Call of DutyÂ®: Modern WarfareÂ® but is now doing Call of DutyÂ®: Modern WarfareÂ®
Gepru#5643 was doing Call of DutyÂ®: Modern WarfareÂ® but is now doing Call of DutyÂ®: Modern WarfareÂ®
Gepru#5643 was doing Call of DutyÂ®: Modern WarfareÂ® but is now doing Call of DutyÂ®: Modern WarfareÂ®
Gepru#5643 was doing Call of DutyÂ®: Modern WarfareÂ® but is now doing Call of DutyÂ®: Modern WarfareÂ®
Gepru#5643 was doing Call of DutyÂ®: Modern WarfareÂ® but is now doing Call of DutyÂ®: Modern WarfareÂ®
Gepru#5643 was doing Call of DutyÂ®: Modern WarfareÂ® but is now doing Call of DutyÂ®: Modern WarfareÂ®
Stinno#7876 was doing Spotify but is now doing Spotify
Gepru#5643 was doing Call of DutyÂ®: Modern WarfareÂ® but is now doing Call of DutyÂ®: Modern WarfareÂ®
Gepru#5643 was doing Call of DutyÂ®: Modern WarfareÂ® but is now doing Call of DutyÂ®: Modern WarfareÂ®
Gepru#5643 was doing Call of DutyÂ®: Modern WarfareÂ® but is now doing Call of DutyÂ®: Modern WarfareÂ®
Gepru#5643 was doing Call of DutyÂ®: Modern WarfareÂ® but is now doing Call of DutyÂ®: Modern WarfareÂ®
Stinno#7876 was doing Spotify but is now doing Spotify
Stinno#7876 was doing Spotify but is now doing Spotify
Itzcraze#4352 was doing Minecraft but is now doing none
Itzcraze#4352 was doing none but is now doing none
Stinno#7876 was doing Spotify but is now doing Spotify
Itzcraze#4352 was doing none but is now doing none
Stinno#7876 was doing Spotify but is now doing Spotify
Gepru#5643 was in ðŸŽ® game-time ðŸŽ®
Gepru#5643 is now in ðŸŽ® game-time ðŸŽ®
Gepru#5643 was in ðŸŽ® game-time ðŸŽ®
Gepru#5643 is now in ðŸŽ® game-time ðŸŽ®
Stinno#7876 was doing Spotify but is now doing Spotify
Stinno#7876 was doing Spotify but is now doing none
Stinno#7876 was doing none but is now doing Spotify
Stinno#7876 was doing Spotify but is now doing none
Stinno#7876 was doing none but is now doing Spotify
Stinno#7876 was doing Spotify but is now doing Spotify
Gepru#5643 was doing Call of DutyÂ®: Modern WarfareÂ® but is now doing Call of DutyÂ®: Modern WarfareÂ®
Gepru#5643 was doing Call of DutyÂ®: Modern WarfareÂ® but is now doing Call of DutyÂ®: Modern WarfareÂ®
Gepru#5643 was doing Call of DutyÂ®: Modern WarfareÂ® but is now doing Call of DutyÂ®: Modern WarfareÂ®
Gepru#5643 was doing Call of DutyÂ®: Modern WarfareÂ® but is now doing Call of DutyÂ®: Modern WarfareÂ®
Gepru#5643 was doing Call of DutyÂ®: Modern WarfareÂ® but is now doing Call of DutyÂ®: Modern WarfareÂ®
Gepru#5643 was doing Call of DutyÂ®: Modern WarfareÂ® but is now doing Call of DutyÂ®: Modern WarfareÂ®
Stinno#7876 was doing Spotify but is now doing Spotify
Stinno#7876 was doing Spotify but is now doing Spotify
Stinno#7876 was doing Spotify but is now doing Spotify
Esoteric1#4667 was doing none but is now doing none
Esoteric1#4667 was doing none but is now doing none
Stinno#7876 was doing Spotify but is now doing Spotify
Gepru#5643 was in ðŸŽ® game-time ðŸŽ®
Gepru#5643 is now in ðŸŽ® game-time ðŸŽ®
Gepru#5643 was in ðŸŽ® game-time ðŸŽ®
Gepru#5643 is now in ðŸŽ® game-time ðŸŽ®
Stinno#7876 was doing Spotify but is now doing Spotify
Stinno#7876 was doing Spotify but is now doing Spotify
Itzcraze#4352 was doing none but is now doing none
Itzcraze#4352 was doing none but is now doing none
Gepru#5643 was doing Call of DutyÂ®: Modern WarfareÂ® but is now doing Call of Duty: Modern Warfare
Gepru#5643 was doing Call of DutyÂ®: Modern WarfareÂ® but is now doing Call of Duty: Modern Warfare
Gepru#5643 was doing Call of Duty: Modern Warfare but is now doing none
Gepru#5643 was in ðŸŽ® game-time ðŸŽ®
Gepru#5643 is now in None
Gepru#5643 was doing Call of Duty: Modern Warfare but is now doing none
Itzcraze#4352 was doing none but is now doing none
Ineptt.#0159 was in ðŸŽ® game-time ðŸŽ®
Ineptt.#0159 is now in None
Stinno#7876 was doing Spotify but is now doing Spotify
Esoteric1#4667 was doing none but is now doing none
Esoteric1#4667 was doing none but is now doing none
Stinno#7876 was doing Spotify but is now doing Spotify
bearclaw#4299 was doing none but is now doing none
bearclaw#4299 was doing none but is now doing none
bearclaw#4299 was doing none but is now doing none
Stinno#7876 was doing Spotify but is now doing Spotify
bearclaw#4299 was doing none but is now doing none
Esoteric1#4667 was doing none but is now doing none
Esoteric1#4667 was doing none but is now doing none
Stinno#7876 was doing Spotify but is now doing Spotify
Stinno#7876 was doing Spotify but is now doing none
Esoteric1#4667 was in None
Esoteric1#4667 is now in General
Game Time#0461 was in kript-skiddies
Game Time#0461 is now in General
Downloading image
Lowering image into the fryer
Losing pixels
Sending image
Antares#6087 was doing none but is now doing none
Antares#6087 was doing none but is now doing none
Stinno#7876 was doing none but is now doing Spotify
Esoteric1#4667 was doing none but is now doing GTFO
Esoteric1#4667 was doing none but is now doing GTFO
Antares#6087 was in None
Antares#6087 is now in General
Game Time#0461 was in General
Game Time#0461 is now in General
Stinno#7876 was doing Spotify but is now doing Spotify
Antares#6087 was in General
Antares#6087 is now in General
Esoteric1#4667 was in General
Esoteric1#4667 is now in game-time
Game Time#0461 was in General
Game Time#0461 is now in game-time
Antares#6087 was in General
Antares#6087 is now in game-time
Game Time#0461 was in game-time
Game Time#0461 is now in game-time
Downloading image
Lowering image into the fryer
Losing pixels
Sending image
bearclaw#4299 was doing none but is now doing none
Stinno#7876 was doing Spotify but is now doing Spotify
Pocoyoyo#3140 was in None
Pocoyoyo#3140 is now in game-time
Game Time#0461 was in game-time
Game Time#0461 is now in game-time
Stinno#7876 was doing Spotify but is now doing Spotify
Downloading image
Downloading image
Lowering image into the fryer
Losing pixels
Sending image
The bot is connected to game-time
Game Time#0461 was in game-time
Game Time#0461 is now in game-time
The bot is connected to game-time
Game Time#0461 was in game-time
Game Time#0461 is now in game-time
Bot has left game-time
Game Time#0461 was in game-time
Game Time#0461 is now in None
Game Time#0461 was in None
Game Time#0461 is now in game-time
The bot is connected to game-time
Bot has left game-time
Game Time#0461 was in game-time
Game Time#0461 is now in None
Game Time#0461 was in None
Game Time#0461 is now in game-time
The bot is connected to game-time
The bot is connected to game-time
Game Time#0461 was in game-time
Game Time#0461 is now in game-time
The bot is connected to game-time
Game Time#0461 was in game-time
Game Time#0461 is now in game-time
The bot is connected to game-time
Game Time#0461 was in game-time
Game Time#0461 is now in game-time
Bot has left game-time
Game Time#0461 was in game-time
Game Time#0461 is now in None
Stinno#7876 was doing Spotify but is now doing Spotify
Game Time#0461 was in None
Game Time#0461 is now in game-time
The bot is connected to game-time
bluelephant72#4526 was in None
bluelephant72#4526 is now in game-time
Game Time#0461 was in game-time
Game Time#0461 is now in game-time
bluelephant72#4526 was doing Dota 2 but is now doing none
bluelephant72#4526 was doing none but is now doing GTFO
The bot is connected to game-time
Game Time#0461 was in game-time
Game Time#0461 is now in game-time
Bot has left game-time
Game Time#0461 was in game-time
Game Time#0461 is now in None
Game Time#0461 was in None
Game Time#0461 is now in game-time
The bot is connected to game-time
Bot has left game-time
Game Time#0461 was in game-time
Game Time#0461 is now in None
Game Time#0461 was in None
Game Time#0461 is now in game-time
The bot is connected to game-time
Bot has left game-time
Game Time#0461 was in game-time
Game Time#0461 is now in None
Stinno#7876 was doing Spotify but is now doing Spotify
Stinno#7876 was doing Spotify but is now doing Spotify
Stinno#7876 was doing Spotify but is now doing Spotify
Stinno#7876 was doing Spotify but is now doing Spotify
Stinno#7876 was doing Spotify but is now doing Spotify
Stinno#7876 was doing Spotify but is now doing Spotify
Stinno#7876 was doing Spotify but is now doing Spotify
Stinno#7876 was doing Spotify but is now doing Spotify
Stinno#7876 was doing Spotify but is now doing Spotify
pipdey#4096 was doing RuneLite but is now doing RuneLite
Stinno#7876 was doing Spotify but is now doing none
Stinno#7876 was doing none but is now doing Spotify
pipdey#4096 was doing RuneLite but is now doing RuneLite
Stinno#7876 was doing Spotify but is now doing none
Stinno#7876 was doing none but is now doing Spotify
Stinno#7876 was doing Spotify but is now doing Spotify
Stinno#7876 was doing Spotify but is now doing Spotify
Stinno#7876 was doing Spotify but is now doing Spotify
Stinno#7876 was doing Spotify but is now doing Spotify
Stinno#7876 was doing Spotify but is now doing Spotify
Stinno#7876 was doing Spotify but is now doing Spotify
Stinno#7876 was doing Spotify but is now doing none
Stinno#7876 was doing none but is now doing Spotify
Stinno#7876 was doing Spotify but is now doing Spotify
Stinno#7876 was doing Spotify but is now doing Spotify
Stinno#7876 was doing Spotify but is now doing Spotify
Stinno#7876 was doing Spotify but is now doing Spotify
Stinno#7876 was doing Spotify but is now doing Spotify
Stinno#7876 was doing Spotify but is now doing Spotify
Stinno#7876 was doing Spotify but is now doing Spotify
Stinno#7876 was doing Spotify but is now doing Spotify
pipdey#4096 was doing RuneLite but is now doing RuneLite
Stinno#7876 was doing Spotify but is now doing Spotify
Stinno#7876 was doing Spotify but is now doing none
Stinno#7876 was doing none but is now doing Spotify
Stinno#7876 was doing Spotify but is now doing Spotify
pipdey#4096 was doing RuneLite but is now doing RuneLite
Stinno#7876 was doing Spotify but is now doing Spotify
Stinno#7876 was doing Spotify but is now doing Spotify
Stinno#7876 was doing Spotify but is now doing none
Stinno#7876 was doing none but is now doing Spotify
Stinno#7876 was doing Spotify but is now doing Spotify
Stinno#7876 was doing Spotify but is now doing Spotify
bluelephant72#4526 was doing GTFO but is now doing none
bluelephant72#4526 was doing none but is now doing Dota 2
Esoteric1#4667 was doing GTFO but is now doing none
Esoteric1#4667 was doing GTFO but is now doing none
Stinno#7876 was doing Spotify but is now doing Spotify
Esoteric1#4667 was doing none but is now doing Left 4 Dead 2
Esoteric1#4667 was doing none but is now doing Left 4 Dead 2
bluelephant72#4526 was in game-time
bluelephant72#4526 is now in None
Pocoyoyo#3140 was in game-time
Pocoyoyo#3140 is now in None
Stinno#7876 was doing Spotify but is now doing Spotify
Stinno#7876 was doing Spotify but is now doing Spotify
Stinno#7876 was doing Spotify but is now doing Spotify
Stinno#7876 was doing Spotify but is now doing Spotify
Stinno#7876 was doing Spotify but is now doing Spotify
Stinno#7876 was doing Spotify but is now doing Spotify
Ineptt.#0159 was doing none but is now doing none
Ineptt.#0159 was doing none but is now doing none
Stinno#7876 was doing Spotify but is now doing none
Stinno#7876 was doing none but is now doing Spotify
Stinno#7876 was doing Spotify but is now doing Spotify
Stinno#7876 was doing Spotify but is now doing Spotify
pipdey#4096 was doing RuneLite but is now doing RuneLite
pipdey#4096 was doing RuneLite but is now doing RuneLite
pipdey#4096 was doing RuneLite but is now doing RuneLite
Stinno#7876 was doing Spotify but is now doing Spotify
Antares#6087 was in game-time
Antares#6087 is now in None
Antares#6087 was in None
Antares#6087 is now in game-time
Game Time#0461 was in None
Game Time#0461 is now in game-time
Stinno#7876 was doing Spotify but is now doing Spotify
pipdey#4096 was doing RuneLite but is now doing RuneLite
pipdey#4096 was doing RuneLite but is now doing RuneLite
Stinno#7876 was doing Spotify but is now doing Spotify
pipdey#4096 was doing RuneLite but is now doing RuneLite
pipdey#4096 was doing RuneLite but is now doing RuneLite
pipdey#4096 was doing RuneLite but is now doing RuneLite
pipdey#4096 was doing RuneLite but is now doing RuneLite
pipdey#4096 was doing RuneLite but is now doing RuneLite
pipdey#4096 was doing RuneLite but is now doing RuneLite
pipdey#4096 was doing RuneLite but is now doing RuneLite
pipdey#4096 was doing RuneLite but is now doing RuneLite
pipdey#4096 was doing RuneLite but is now doing RuneLite
Stinno#7876 was doing Spotify but is now doing Spotify
Stinno#7876 was doing Spotify but is now doing Spotify
pipdey#4096 was doing RuneLite but is now doing RuneLite
pipdey#4096 was doing RuneLite but is now doing RuneLite
pipdey#4096 was doing RuneLite but is now doing RuneLite
Stinno#7876 was doing Spotify but is now doing Spotify
pipdey#4096 was doing RuneLite but is now doing RuneLite
pipdey#4096 was doing RuneLite but is now doing RuneLite
pipdey#4096 was doing RuneLite but is now doing RuneLite
pipdey#4096 was doing RuneLite but is now doing RuneLite
pipdey#4096 was doing RuneLite but is now doing Rocket League
pipdey#4096 was doing Rocket League but is now doing Rocket League
pipdey#4096 was doing Rocket League but is now doing Rocket League
pipdey#4096 was doing Rocket League but is now doing Rocket League
pipdey#4096 was doing Rocket League but is now doing Rocket League
pipdey#4096 was doing Rocket League but is now doing Rocket League
Stinno#7876 was doing Spotify but is now doing none
pipdey#4096 was doing Rocket League but is now doing Rocket League
pipdey#4096 was doing Rocket League but is now doing Rocket League
Esoteric1#4667 was doing Left 4 Dead 2 but is now doing none
Esoteric1#4667 was doing Left 4 Dead 2 but is now doing none
pipdey#4096 was doing Rocket League but is now doing Rocket League
pipdey#4096 was doing Rocket League but is now doing Rocket League
pipdey#4096 was doing Rocket League but is now doing Rocket League
Stinno#7876 was doing none but is now doing Spotify
Stinno#7876 was doing Spotify but is now doing none
pipdey#4096 was doing Rocket League but is now doing Rocket League
Stinno#7876 was doing none but is now doing Spotify
Stinno#7876 was doing Spotify but is now doing Spotify
Esoteric1#4667 was doing none but is now doing Cuphead
Esoteric1#4667 was doing none but is now doing Cuphead
Stinno#7876 was doing Spotify but is now doing Spotify
Esoteric1#4667 was doing Cuphead but is now doing none
Esoteric1#4667 was doing Cuphead but is now doing none
Antares#6087 was in game-time
Antares#6087 is now in None
Esoteric1#4667 was doing none but is now doing none
Esoteric1#4667 was in game-time
Esoteric1#4667 is now in None
Esoteric1#4667 was doing none but is now doing none
pipdey#4096 was doing Rocket League but is now doing Rocket League
pipdey#4096 was doing Rocket League but is now doing Rocket League
pipdey#4096 was doing Rocket League but is now doing Rocket League
Stinno#7876 was doing Spotify but is now doing Spotify
Stinno#7876 was doing Spotify but is now doing none
pipdey#4096 was doing Rocket League but is now doing Rocket League
pipdey#4096 was doing Rocket League but is now doing Rocket League
pipdey#4096 was doing Rocket League but is now doing Rocket League
Esoteric1#4667 was doing none but is now doing none
Esoteric1#4667 was doing none but is now doing none
pipdey#4096 was doing Rocket League but is now doing Rocket League
pipdey#4096 was doing Rocket League but is now doing Rocket League
pipdey#4096 was doing Rocket League but is now doing Rocket League
Esoteric1#4667 was doing none but is now doing none
Esoteric1#4667 was doing none but is now doing none
pipdey#4096 was doing Rocket League but is now doing Rocket League
pipdey#4096 was doing Rocket League but is now doing Rocket LeagueIgnoring exception in command fry:
Traceback (most recent call last):
  File "/home/esoteric1/anaconda3/lib/python3.7/site-packages/discord/ext/commands/core.py", line 85, in wrapped
    ret = await coro(*args, **kwargs)
  File "/home/esoteric1/Documents/Projects/Game_Time_Discord_Bot/bot_commands.py", line 55, in fry
    disc_img = ctx.message.attachments[0]
IndexError: list index out of range

The above exception was the direct cause of the following exception:

Traceback (most recent call last):
  File "/home/esoteric1/anaconda3/lib/python3.7/site-packages/discord/ext/commands/bot.py", line 903, in invoke
    await ctx.command.invoke(ctx)
  File "/home/esoteric1/anaconda3/lib/python3.7/site-packages/discord/ext/commands/core.py", line 855, in invoke
    await injected(*ctx.args, **ctx.kwargs)
  File "/home/esoteric1/anaconda3/lib/python3.7/site-packages/discord/ext/commands/core.py", line 94, in wrapped
    raise CommandInvokeError(exc) from exc
discord.ext.commands.errors.CommandInvokeError: Command raised an exception: IndexError: list index out of range
websocket connection is closing.
websocket connection is closing.
websocket connection is closing.
websocket connection is closing.
websocket connection is closing.
websocket connection is closing.
websocket connection is closing.
websocket connection is closing.
websocket connection is closing.
websocket connection is closing.
websocket connection is closing.
websocket connection is closing.
websocket connection is closing.
websocket connection is closing.
websocket connection is closing.
websocket connection is closing.
websocket connection is closing.
websocket connection is closing.
websocket connection is closing.
websocket connection is closing.
websocket connection is closing.
websocket connection is closing.
websocket connection is closing.
websocket connection is closing.
websocket connection is closing.
websocket connection is closing.
websocket connection is closing.
websocket connection is closing.
websocket connection is closing.
websocket connection is closing.
websocket connection is closing.

pipdey#4096 was doing Rocket League but is now doing Rocket League
pipdey#4096 was doing Rocket League but is now doing Rocket League
pipdey#4096 was doing Rocket League but is now doing Rocket League
pipdey#4096 was doing Rocket League but is now doing Rocket League
pipdey#4096 was doing Rocket League but is now doing Rocket League
pipdey#4096 was doing Rocket League but is now doing Rocket League
bearclaw#4299 was doing none but is now doing none
pipdey#4096 was doing Rocket League but is now doing Rocket League
Game Time#0461 was in ðŸŽ® game-time ðŸŽ®
Game Time#0461 is now in None
Game Time#0461 was in None
Game Time#0461 is now in ðŸŽ® game-time ðŸŽ®
pipdey#4096 was doing Rocket League but is now doing Rocket League
pipdey#4096 was doing Rocket League but is now doing RuneLite
Stinno#7876 was doing none but is now doing Spotify
Stinno#7876 was doing Spotify but is now doing none
Stinno#7876 was doing none but is now doing Spotify
Stinno#7876 was doing Spotify but is now doing none
Stinno#7876 was doing none but is now doing Spotify
Stinno#7876 was doing Spotify but is now doing none
Stinno#7876 was doing none but is now doing Spotify
Stinno#7876 was doing Spotify but is now doing none
Stinno#7876 was doing none but is now doing Spotify
Stinno#7876 was doing Spotify but is now doing Spotify
pipdey#4096 was doing RuneLite but is now doing none
Stinno#7876 was doing Spotify but is now doing Spotify
Stinno#7876 was doing Spotify but is now doing Spotify
Stinno#7876 was doing Spotify but is now doing Spotify
Stinno#7876 was doing Spotify but is now doing Spotify
Game Time#0461 was in ðŸŽ® game-time ðŸŽ®
Game Time#0461 is now in None
Game Time#0461 was in None
Game Time#0461 is now in ðŸŽ® game-time ðŸŽ®
Stinno#7876 was doing Spotify but is now doing Spotify
Game Time#0461 was in game-time
Game Time#0461 is now in None
Game Time#0461 was in None
Game Time#0461 is now in game-time
Stinno#7876 was doing Spotify but is now doing Spotify
Stinno#7876 was doing Spotify but is now doing Spotify
Stinno#7876 was doing Spotify but is now doing Spotify
Stinno#7876 was doing Spotify but is now doing Spotify
Stinno#7876 was doing Spotify but is now doing none
Stinno#7876 was doing none but is now doing Spotify
Stinno#7876 was doing Spotify but is now doing Spotify
Stinno#7876 was doing Spotify but is now doing Spotify
Stinno#7876 was doing Spotify but is now doing Spotify
Stinno#7876 was doing Spotify but is now doing Spotify
Stinno#7876 was doing Spotify but is now doing Spotify
Stinno#7876 was doing Spotify but is now doing Spotify
Stinno#7876 was doing Spotify but is now doing Spotify
Stinno#7876 was doing Spotify but is now doing Spotify
Stinno#7876 was doing Spotify but is now doing Spotify
Stinno#7876 was doing Spotify but is now doing none
bluelephant72#4526 was doing Dota 2 but is now doing none
bluelephant72#4526 was doing none but is now doing Dota 2
Stinno#7876 was doing none but is now doing Spotify
Stinno#7876 was doing Spotify but is now doing Spotify
Stinno#7876 was doing Spotify but is now doing Spotify
Stinno#7876 was doing Spotify but is now doing Spotify
Stinno#7876 was doing Spotify but is now doing none
Stinno#7876 was doing none but is now doing Spotify
Stinno#7876 was doing Spotify but is now doing Spotify
Stinno#7876 was doing Spotify but is now doing Spotify
Stinno#7876 was doing Spotify but is now doing Spotify
Stinno#7876 was doing Spotify but is now doing Spotify
Stinno#7876 was doing Spotify but is now doing Spotify
Stinno#7876 was doing Spotify but is now doing Spotify
Stinno#7876 was doing Spotify but is now doing Spotify
Stinno#7876 was doing Spotify but is now doing Spotify
bluelephant72#4526 was doing Dota 2 but is now doing none
Stinno#7876 was doing Spotify but is now doing Spotify
bluelephant72#4526 was doing none but is now doing none
Stinno#7876 was doing Spotify but is now doing Spotify
Stinno#7876 was doing Spotify but is now doing Spotify
Stinno#7876 was doing Spotify but is now doing Spotify
Stinno#7876 was doing Spotify but is now doing Spotify
Stinno#7876 was doing Spotify but is now doing Spotify
Stinno#7876 was doing Spotify but is now doing Spotify
Stinno#7876 was doing Spotify but is now doing Spotify
Stinno#7876 was doing Spotify but is now doing Spotify
Stinno#7876 was doing Spotify but is now doing Spotify
Stinno#7876 was doing Spotify but is now doing Spotify
Stinno#7876 was doing Spotify but is now doing Spotify
Stinno#7876 was doing Spotify but is now doing Spotify
Stinno#7876 was doing Spotify but is now doing Spotify
Stinno#7876 was doing Spotify but is now doing Spotify
Stinno#7876 was doing Spotify but is now doing Spotify
Stinno#7876 was doing Spotify but is now doing Spotify
Stinno#7876 was doing Spotify but is now doing Spotify
Stinno#7876 was doing Spotify but is now doing Spotify
Stinno#7876 was doing Spotify but is now doing Spotify
Stinno#7876 was doing Spotify but is now doing Spotify
Stinno#7876 was doing Spotify but is now doing Spotify
Stinno#7876 was doing Spotify but is now doing Spotify
Stinno#7876 was doing Spotify but is now doing Spotify
Stinno#7876 was doing Spotify but is now doing Spotify
Stinno#7876 was doing Spotify but is now doing Spotify
Stinno#7876 was doing Spotify but is now doing none
Stinno#7876 was doing none but is now doing none
Itzcraze#4352 was doing none but is now doing None
Itzcraze#4352 was doing None but is now doing none
Itzcraze#4352 was doing none but is now doing Rocket League
Itzcraze#4352 was doing Rocket League but is now doing Rocket League
Itzcraze#4352 was doing Rocket League but is now doing Rocket League
Itzcraze#4352 was doing Rocket League but is now doing Rocket League
Itzcraze#4352 was doing Rocket League but is now doing Rocket League
Itzcraze#4352 was doing Rocket League but is now doing Rocket League
Itzcraze#4352 was doing Rocket League but is now doing Rocket League
Itzcraze#4352 was doing Rocket League but is now doing Rocket League
Itzcraze#4352 was doing Rocket League but is now doing Rocket League
Itzcraze#4352 was doing Rocket League but is now doing Rocket League
Itzcraze#4352 was doing Rocket League but is now doing Rocket League
Itzcraze#4352 was doing Rocket League but is now doing Rocket League
Itzcraze#4352 was doing Rocket League but is now doing Rocket League
Itzcraze#4352 was doing Rocket League but is now doing Rocket League
Itzcraze#4352 was doing Rocket League but is now doing Rocket League
Itzcraze#4352 was doing Rocket League but is now doing Rocket League
Itzcraze#4352 was doing Rocket League but is now doing Rocket League
Itzcraze#4352 was doing Rocket League but is now doing Rocket League
Itzcraze#4352 was doing Rocket League but is now doing Rocket League
Itzcraze#4352 was doing Rocket League but is now doing Rocket League
Itzcraze#4352 was doing Rocket League but is now doing Rocket League
Itzcraze#4352 was doing Rocket League but is now doing Rocket League
Itzcraze#4352 was doing Rocket League but is now doing Rocket League
Itzcraze#4352 was doing Rocket League but is now doing Rocket League
Itzcraze#4352 was doing Rocket League but is now doing Rocket League
Itzcraze#4352 was doing Rocket League but is now doing none
Itzcraze#4352 was doing none but is now doing Minecraft
bearclaw#4299 was doing none but is now doing none
bearclaw#4299 was doing none but is now doing none
Itzcraze#4352 was doing Minecraft but is now doing Minecraft
Itzcraze#4352 was doing Minecraft but is now doing Minecraft
Itzcraze#4352 was doing Minecraft but is now doing Minecraft
pipdey#4096 was doing none but is now doing none
pipdey#4096 was doing none but is now doing RuneLite
pipdey#4096 was doing RuneLite but is now doing RuneLite
pipdey#4096 was doing RuneLite but is now doing RuneLite
pipdey#4096 was doing RuneLite but is now doing none
pipdey#4096 was doing none but is now doing RuneLite
pipdey#4096 was doing RuneLite but is now doing RuneLite
pipdey#4096 was doing RuneLite but is now doing RuneLite
pipdey#4096 was doing RuneLite but is now doing RuneLite
pipdey#4096 was doing RuneLite but is now doing RuneLite
pipdey#4096 was doing RuneLite but is now doing RuneLite
pipdey#4096 was doing RuneLite but is now doing RuneLite
pipdey#4096 was doing RuneLite but is now doing RuneLite
pipdey#4096 was doing RuneLite but is now doing RuneLite
Stinno#7876 was doing none but is now doing none
Ineptt.#0159 was doing none but is now doing none
Ineptt.#0159 was doing none but is now doing none
Ineptt.#0159 was in None
Ineptt.#0159 is now in ðŸŽ® game-time ðŸŽ®
Game Time#0461 was in ðŸŽ® game-time ðŸŽ®
Game Time#0461 is now in ðŸŽ® game-time ðŸŽ®
Gepru#5643 was doing none but is now doing none
Gepru#5643 was doing none but is now doing none
Gepru#5643 was in None
Gepru#5643 is now in ðŸŽ® game-time ðŸŽ®
Game Time#0461 was in ðŸŽ® game-time ðŸŽ®
Game Time#0461 is now in ðŸŽ® game-time ðŸŽ®
Ineptt.#0159 was in ðŸŽ® game-time ðŸŽ®
Ineptt.#0159 is now in ðŸŽ® game-time ðŸŽ®
Ineptt.#0159 was in ðŸŽ® game-time ðŸŽ®
Ineptt.#0159 is now in ðŸŽ® game-time ðŸŽ®
Gepru#5643 was doing none but is now doing none
Gepru#5643 was in ðŸŽ® game-time ðŸŽ®
Gepru#5643 is now in None
Gepru#5643 was doing none but is now doing none
Ineptt.#0159 was in ðŸŽ® game-time ðŸŽ®
Ineptt.#0159 is now in None
pipdey#4096 was doing RuneLite but is now doing Spotify
pipdey#4096 was doing Spotify but is now doing RuneLite
pipdey#4096 was doing RuneLite but is now doing RuneLite
pipdey#4096 was doing RuneLite but is now doing RuneLite
pipdey#4096 was doing RuneLite but is now doing RuneLite
pipdey#4096 was doing RuneLite but is now doing RuneLite
pipdey#4096 was doing RuneLite but is now doing RuneLite
Ineptt.#0159 was in None
Ineptt.#0159 is now in ðŸŽ® game-time ðŸŽ®
Game Time#0461 was in ðŸŽ® game-time ðŸŽ®
Game Time#0461 is now in ðŸŽ® game-time ðŸŽ®
Gepru#5643 was doing none but is now doing none
Gepru#5643 was doing none but is now doing none
Gepru#5643 was doing none but is now doing No Man's Sky
Gepru#5643 was doing none but is now doing No Man's Sky
Gepru#5643 was in None
Gepru#5643 is now in ðŸŽ® game-time ðŸŽ®
Game Time#0461 was in ðŸŽ® game-time ðŸŽ®
Game Time#0461 is now in ðŸŽ® game-time ðŸŽ®
Gepru#5643 was doing No Man's Sky but is now doing none
Gepru#5643 was in ðŸŽ® game-time ðŸŽ®
Gepru#5643 is now in None
Gepru#5643 was doing No Man's Sky but is now doing none
Ineptt.#0159 was in ðŸŽ® game-time ðŸŽ®
Ineptt.#0159 is now in None
Gepru#5643 was doing none but is now doing none
Gepru#5643 was doing none but is now doing none
Gepru#5643 was in None
Gepru#5643 is now in ðŸŽ® game-time ðŸŽ®
Game Time#0461 was in ðŸŽ® game-time ðŸŽ®
Game Time#0461 is now in ðŸŽ® game-time ðŸŽ®
Gepru#5643 was doing none but is now doing No Man's Sky
Gepru#5643 was doing none but is now doing No Man's Sky
Ineptt.#0159 was in None
Ineptt.#0159 is now in ðŸŽ® game-time ðŸŽ®
Game Time#0461 was in ðŸŽ® game-time ðŸŽ®
Game Time#0461 is now in ðŸŽ® game-time ðŸŽ®
bluelephant72#4526 was doing none but is now doing none
Gepru#5643 was doing No Man's Sky but is now doing none
Gepru#5643 was doing No Man's Sky but is now doing none
Gepru#5643 was doing none but is now doing No Man's Sky
Gepru#5643 was doing none but is now doing No Man's Sky
Ineptt.#0159 was in ðŸŽ® game-time ðŸŽ®
Ineptt.#0159 is now in None
pipdey#4096 was doing RuneLite but is now doing RuneLite
pipdey#4096 was doing RuneLite but is now doing RuneLite
pipdey#4096 was doing RuneLite but is now doing RuneLite
pipdey#4096 was doing RuneLite but is now doing RuneLite
bluelephant72#4526 was doing none but is now doing none
pipdey#4096 was doing RuneLite but is now doing RuneLite
bluelephant72#4526 was doing none but is now doing none
pipdey#4096 was doing RuneLite but is now doing RuneLite
pipdey#4096 was doing RuneLite but is now doing RuneLite
pipdey#4096 was doing RuneLite but is now doing RuneLite
pipdey#4096 was doing RuneLite but is now doing RuneLite
pipdey#4096 was doing RuneLite but is now doing RuneLite
pipdey#4096 was doing RuneLite but is now doing RuneLite
bluelephant72#4526 was doing none but is now doing none
pipdey#4096 was doing RuneLite but is now doing RuneLite
pipdey#4096 was doing RuneLite but is now doing RuneLite
pipdey#4096 was doing RuneLite but is now doing RuneLite
bluelephant72#4526 was doing none but is now doing none
pipdey#4096 was doing RuneLite but is now doing RuneLite
pipdey#4096 was doing RuneLite but is now doing RuneLite
pipdey#4096 was doing RuneLite but is now doing RuneLite
pipdey#4096 was doing RuneLite but is now doing RuneLite
bluelephant72#4526 was doing none but is now doing none
bluelephant72#4526 was doing none but is now doing none
pipdey#4096 was doing RuneLite but is now doing RuneLite
pipdey#4096 was doing RuneLite but is now doing RuneLite
pipdey#4096 was doing RuneLite but is now doing RuneLite
pipdey#4096 was doing RuneLite but is now doing RuneLite
pipdey#4096 was doing RuneLite but is now doing RuneLite
pipdey#4096 was doing RuneLite but is now doing RuneLite
pipdey#4096 was doing RuneLite but is now doing RuneLite
pipdey#4096 was doing RuneLite but is now doing RuneLite
pipdey#4096 was doing RuneLite but is now doing RuneLite
pipdey#4096 was doing RuneLite but is now doing RuneLite
pipdey#4096 was doing RuneLite but is now doing RuneLite
pipdey#4096 was doing RuneLite but is now doing RuneLite
pipdey#4096 was doing RuneLite but is now doing RuneLite
pipdey#4096 was doing RuneLite but is now doing RuneLite
pipdey#4096 was doing RuneLite but is now doing RuneLite
pipdey#4096 was doing RuneLite but is now doing RuneLite
pipdey#4096 was doing RuneLite but is now doing RuneLite
pipdey#4096 was doing RuneLite but is now doing RuneLite
pipdey#4096 was doing RuneLite but is now doing RuneLite
pipdey#4096 was doing RuneLite but is now doing RuneLite
pipdey#4096 was doing RuneLite but is now doing RuneLite
pipdey#4096 was doing RuneLite but is now doing RuneLite
pipdey#4096 was doing RuneLite but is now doing RuneLite
pipdey#4096 was doing RuneLite but is now doing RuneLite
pipdey#4096 was doing RuneLite but is now doing RuneLite
pipdey#4096 was doing RuneLite but is now doing RuneLite
pipdey#4096 was doing RuneLite but is now doing RuneLite
pipdey#4096 was doing RuneLite but is now doing RuneLite
pipdey#4096 was doing RuneLite but is now doing RuneLite
pipdey#4096 was doing RuneLite but is now doing RuneLite
pipdey#4096 was doing RuneLite but is now doing RuneLite
bluelephant72#4526 was doing none but is now doing Dota 2
pipdey#4096 was doing RuneLite but is now doing RuneLite
pipdey#4096 was doing RuneLite but is now doing RuneLite
pipdey#4096 was doing RuneLite but is now doing RuneLite
Itzcraze#4352 was doing Minecraft but is now doing Minecraft
pipdey#4096 was doing RuneLite but is now doing RuneLite
pipdey#4096 was doing RuneLite but is now doing RuneLite
pipdey#4096 was doing RuneLite but is now doing RuneLite
Itzcraze#4352 was doing Minecraft but is now doing Minecraft
pipdey#4096 was doing RuneLite but is now doing RuneLite
pipdey#4096 was doing RuneLite but is now doing RuneLite
pipdey#4096 was doing RuneLite but is now doing RuneLite
pipdey#4096 was doing RuneLite but is now doing RuneLite
pipdey#4096 was doing RuneLite but is now doing RuneLite
pipdey#4096 was doing RuneLite but is now doing RuneLite
pipdey#4096 was doing RuneLite but is now doing RuneLite
pipdey#4096 was doing RuneLite but is now doing RuneLite
pipdey#4096 was doing RuneLite but is now doing RuneLite
pipdey#4096 was doing RuneLite but is now doing RuneLite
pipdey#4096 was doing RuneLite but is now doing RuneLite
pipdey#4096 was doing RuneLite but is now doing RuneLite
pipdey#4096 was doing RuneLite but is now doing RuneLite
pipdey#4096 was doing RuneLite but is now doing RuneLite
pipdey#4096 was doing RuneLite but is now doing RuneLite
pipdey#4096 was doing RuneLite but is now doing RuneLite
pipdey#4096 was doing RuneLite but is now doing RuneLite
Ineptt.#0159 was in None
Ineptt.#0159 is now in ðŸŽ® game-time ðŸŽ®
Ineptt.#0159 was in ðŸŽ® game-time ðŸŽ®
Ineptt.#0159 is now in ðŸŽ® game-time ðŸŽ®
Game Time#0461 was in ðŸŽ® game-time ðŸŽ®
Game Time#0461 is now in ðŸŽ® game-time ðŸŽ®
Ineptt.#0159 was in ðŸŽ® game-time ðŸŽ®
Ineptt.#0159 is now in ðŸŽ® game-time ðŸŽ®
Ineptt.#0159 was in ðŸŽ® game-time ðŸŽ®
Ineptt.#0159 is now in None
pipdey#4096 was doing RuneLite but is now doing RuneLite
pipdey#4096 was doing RuneLite but is now doing RuneLite
pipdey#4096 was doing RuneLite but is now doing RuneLite
pipdey#4096 was doing RuneLite but is now doing RuneLite
pipdey#4096 was doing RuneLite but is now doing RuneLite
pipdey#4096 was doing RuneLite but is now doing RuneLite
pipdey#4096 was doing RuneLite but is now doing RuneLite
pipdey#4096 was doing RuneLite but is now doing RuneLite
pipdey#4096 was doing RuneLite but is now doing RuneLite
pipdey#4096 was doing RuneLite but is now doing RuneLite
pipdey#4096 was doing RuneLite but is now doing RuneLite
pipdey#4096 was doing RuneLite but is now doing RuneLite
pipdey#4096 was doing RuneLite but is now doing RuneLite
pipdey#4096 was doing RuneLite but is now doing RuneLite
pipdey#4096 was doing RuneLite but is now doing RuneLite
pipdey#4096 was doing RuneLite but is now doing RuneLite
pipdey#4096 was doing RuneLite but is now doing RuneLite
pipdey#4096 was doing RuneLite but is now doing RuneLite
pipdey#4096 was doing RuneLite but is now doing RuneLite
pipdey#4096 was doing RuneLite but is now doing RuneLite
pipdey#4096 was doing RuneLite but is now doing RuneLite
pipdey#4096 was doing RuneLite but is now doing RuneLite
pipdey#4096 was doing RuneLite but is now doing RuneLite
pipdey#4096 was doing RuneLite but is now doing RuneLite
pipdey#4096 was doing RuneLite but is now doing RuneLite
pipdey#4096 was doing RuneLite but is now doing RuneLite
Itzcraze#4352 was doing Minecraft but is now doing Minecraft
pipdey#4096 was doing RuneLite but is now doing RuneLite
pipdey#4096 was doing RuneLite but is now doing RuneLite
Ineptt.#0159 was in None
Ineptt.#0159 is now in ðŸŽ® game-time ðŸŽ®
Game Time#0461 was in ðŸŽ® game-time ðŸŽ®
Game Time#0461 is now in ðŸŽ® game-time ðŸŽ®
Gepru#5643 was doing No Man's Sky but is now doing none
Gepru#5643 was doing No Man's Sky but is now doing none
Gepru#5643 was doing none but is now doing none
Gepru#5643 was doing none but is now doing none
Gepru#5643 was in ðŸŽ® game-time ðŸŽ®
Gepru#5643 is now in None
Ineptt.#0159 was doing none but is now doing none
Ineptt.#0159 was doing none but is now doing none
Ineptt.#0159 was doing none but is now doing none
Ineptt.#0159 was doing none but is now doing none
pipdey#4096 was doing RuneLite but is now doing RuneLite
pipdey#4096 was doing RuneLite but is now doing RuneLite
pipdey#4096 was doing RuneLite but is now doing RuneLite
pipdey#4096 was doing RuneLite but is now doing RuneLite
pipdey#4096 was doing RuneLite but is now doing RuneLite
pipdey#4096 was doing RuneLite but is now doing RuneLite
Ineptt.#0159 was doing none but is now doing none
Ineptt.#0159 was doing none but is now doing none
Ineptt.#0159 was doing none but is now doing none
Ineptt.#0159 was doing none but is now doing none
bearclaw#4299 was doing none but is now doing none
pipdey#4096 was doing RuneLite but is now doing RuneLite
pipdey#4096 was doing RuneLite but is now doing RuneLite
bearclaw#4299 was doing none but is now doing none
pipdey#4096 was doing RuneLite but is now doing RuneLite
pipdey#4096 was doing RuneLite but is now doing RuneLite
pipdey#4096 was doing RuneLite but is now doing RuneLite
pipdey#4096 was doing RuneLite but is now doing RuneLite
pipdey#4096 was doing RuneLite but is now doing RuneLite
bearclaw#4299 was doing none but is now doing none
pipdey#4096 was doing RuneLite but is now doing RuneLite
pipdey#4096 was doing RuneLite but is now doing RuneLite
pipdey#4096 was doing RuneLite but is now doing RuneLite
pipdey#4096 was doing RuneLite but is now doing RuneLite
pipdey#4096 was doing RuneLite but is now doing RuneLite
pipdey#4096 was doing RuneLite but is now doing RuneLite
pipdey#4096 was doing RuneLite but is now doing RuneLite
pipdey#4096 was doing RuneLite but is now doing RuneLite
Gepru#5643 was doing none but is now doing none
Gepru#5643 was doing none but is now doing none
Gepru#5643 was in None
Gepru#5643 is now in ðŸŽ® game-time ðŸŽ®
Game Time#0461 was in ðŸŽ® game-time ðŸŽ®
Game Time#0461 is now in ðŸŽ® game-time ðŸŽ®
Ineptt.#0159 was in ðŸŽ® game-time ðŸŽ®
Ineptt.#0159 is now in ðŸŽ® game-time ðŸŽ®
Ineptt.#0159 was in ðŸŽ® game-time ðŸŽ®
Ineptt.#0159 is now in ðŸŽ® game-time ðŸŽ®
pipdey#4096 was doing RuneLite but is now doing RuneLite
pipdey#4096 was doing RuneLite but is now doing RuneLite
pipdey#4096 was doing RuneLite but is now doing RuneLite
pipdey#4096 was doing RuneLite but is now doing RuneLite
pipdey#4096 was doing RuneLite but is now doing RuneLite
pipdey#4096 was doing RuneLite but is now doing RuneLite
pipdey#4096 was doing RuneLite but is now doing RuneLite
Esoteric1#4667 was doing none but is now doing none
Esoteric1#4667 was doing none but is now doing none
pipdey#4096 was doing RuneLite but is now doing RuneLite
Esoteric1#4667 was doing none but is now doing none
Esoteric1#4667 was doing none but is now doing none
pipdey#4096 was doing RuneLite but is now doing RuneLite
pipdey#4096 was doing RuneLite but is now doing RuneLite
pipdey#4096 was doing RuneLite but is now doing RuneLite
pipdey#4096 was doing RuneLite but is now doing RuneLite
pipdey#4096 was doing RuneLite but is now doing RuneLite
Gepru#5643 was in ðŸŽ® game-time ðŸŽ®
Gepru#5643 is now in ðŸŽ® game-time ðŸŽ®
pipdey#4096 was doing RuneLite but is now doing RuneLite
pipdey#4096 was doing RuneLite but is now doing RuneLite
pipdey#4096 was doing RuneLite but is now doing RuneLite
pipdey#4096 was doing RuneLite but is now doing RuneLite
pipdey#4096 was doing RuneLite but is now doing RuneLite
pipdey#4096 was doing RuneLite but is now doing RuneLite
pipdey#4096 was doing RuneLite but is now doing RuneLite
pipdey#4096 was doing RuneLite but is now doing RuneLite
pipdey#4096 was doing RuneLite but is now doing RuneLite
pipdey#4096 was doing RuneLite but is now doing RuneLite
pipdey#4096 was doing RuneLite but is now doing RuneLite
pipdey#4096 was doing RuneLite but is now doing RuneLite
pipdey#4096 was doing RuneLite but is now doing RuneLite
Gepru#5643 was doing none but is now doing none
Gepru#5643 was doing none but is now doing none
pipdey#4096 was doing RuneLite but is now doing RuneLite
pipdey#4096 was doing RuneLite but is now doing RuneLite
pipdey#4096 was doing RuneLite but is now doing RuneLite
pipdey#4096 was doing RuneLite but is now doing RuneLite
pipdey#4096 was doing RuneLite but is now doing RuneLite
pipdey#4096 was doing RuneLite but is now doing RuneLite
pipdey#4096 was doing RuneLite but is now doing RuneLite
pipdey#4096 was doing RuneLite but is now doing RuneLite
pipdey#4096 was doing RuneLite but is now doing RuneLite
Gepru#5643 was doing none but is now doing none
Gepru#5643 was doing none but is now doing none
pipdey#4096 was doing RuneLite but is now doing RuneLite
pipdey#4096 was doing RuneLite but is now doing RuneLite
pipdey#4096 was doing RuneLite but is now doing RuneLite
pipdey#4096 was doing RuneLite but is now doing RuneLite
pipdey#4096 was doing RuneLite but is now doing RuneLite
Gepru#5643 was doing none but is now doing No Man's Sky
Gepru#5643 was doing none but is now doing No Man's Sky
pipdey#4096 was doing RuneLite but is now doing RuneLite
Gepru#5643 was doing No Man's Sky but is now doing none
Gepru#5643 was in ðŸŽ® game-time ðŸŽ®
Gepru#5643 is now in None
Gepru#5643 was doing No Man's Sky but is now doing none
pipdey#4096 was doing RuneLite but is now doing RuneLite
pipdey#4096 was doing RuneLite but is now doing RuneLite
pipdey#4096 was doing RuneLite but is now doing RuneLite
pipdey#4096 was doing RuneLite but is now doing RuneLite
Itzcraze#4352 was doing Minecraft but is now doing none
Itzcraze#4352 was doing none but is now doing none
pipdey#4096 was doing RuneLite but is now doing RuneLite
Itzcraze#4352 was doing none but is now doing none
pipdey#4096 was doing RuneLite but is now doing RuneLite
pipdey#4096 was doing RuneLite but is now doing RuneLite
pipdey#4096 was doing RuneLite but is now doing RuneLite
pipdey#4096 was doing RuneLite but is now doing RuneLite
Itzcraze#4352 was doing none but is now doing none
Itzcraze#4352 was doing none but is now doing none
Itzcraze#4352 was doing none but is now doing none
Antares#6087 was doing none but is now doing none
Antares#6087 was doing none but is now doing none
Esoteric1#4667 was doing none but is now doing none
Esoteric1#4667 was doing none but is now doing none
Esoteric1#4667 was in None
Esoteric1#4667 is now in General
Game Time#0461 was in game-time
Game Time#0461 is now in General
Esoteric1#4667 was doing none but is now doing none
Esoteric1#4667 was in General
Esoteric1#4667 is now in None
Esoteric1#4667 was doing none but is now doing none
Game Time#0461 was in ðŸŽ® game-time ðŸŽ®
Game Time#0461 is now in None
Game Time#0461 was in None
Game Time#0461 is now in ðŸŽ® game-time ðŸŽ®
Game Time#0461 was in General
Game Time#0461 is now in None
Game Time#0461 was in None
Game Time#0461 is now in General
Antares#6087 was doing none but is now doing Minecraft
Antares#6087 was doing Minecraft but is now doing Left 4 Dead 2
Ineptt.#0159 was in ðŸŽ® game-time ðŸŽ®
Ineptt.#0159 is now in None
bearclaw#4299 was doing none but is now doing none
Antares#6087 was doing Left 4 Dead 2 but is now doing Minecraft
Antares#6087 was doing Minecraft but is now doing none
bearclaw#4299 was doing none but is now doing none
Antares#6087 was doing none but is now doing Left 4 Dead 2
Antares#6087 was doing Left 4 Dead 2 but is now doing Left 4 Dead 2
Antares#6087 was doing Left 4 Dead 2 but is now doing Left 4 Dead 2
Ineptt.#0159 was in None
Ineptt.#0159 is now in ðŸŽ® game-time ðŸŽ®
Ineptt.#0159 was in ðŸŽ® game-time ðŸŽ®
Ineptt.#0159 is now in ðŸŽ® game-time ðŸŽ®
Game Time#0461 was in ðŸŽ® game-time ðŸŽ®
Game Time#0461 is now in ðŸŽ® game-time ðŸŽ®
Gepru#5643 was doing none but is now doing none
Gepru#5643 was doing none but is now doing none
Gepru#5643 was doing none but is now doing No Man's Sky
Gepru#5643 was doing none but is now doing No Man's Sky
Gepru#5643 was in None
Gepru#5643 is now in ðŸŽ® game-time ðŸŽ®
Game Time#0461 was in ðŸŽ® game-time ðŸŽ®
Game Time#0461 is now in ðŸŽ® game-time ðŸŽ®
Gepru#5643 was doing No Man's Sky but is now doing none
Gepru#5643 was in ðŸŽ® game-time ðŸŽ®
Gepru#5643 is now in None
Gepru#5643 was doing No Man's Sky but is now doing none
Ineptt.#0159 was in ðŸŽ® game-time ðŸŽ®
Ineptt.#0159 is now in None
Antares#6087 was doing Left 4 Dead 2 but is now doing Left 4 Dead 2
Antares#6087 was doing Left 4 Dead 2 but is now doing Left 4 Dead 2
Esoteric1#4667 was doing none but is now doing none
Esoteric1#4667 was doing none but is now doing none
Esoteric1#4667 was doing none but is now doing RAGE 2
Esoteric1#4667 was doing none but is now doing RAGE 2
Gepru#5643 was doing none but is now doing none
Gepru#5643 was doing none but is now doing none
Gepru#5643 was in None
Gepru#5643 is now in ðŸŽ® game-time ðŸŽ®
Game Time#0461 was in ðŸŽ® game-time ðŸŽ®
Game Time#0461 is now in ðŸŽ® game-time ðŸŽ®
Gepru#5643 was in ðŸŽ® game-time ðŸŽ®
Gepru#5643 is now in ðŸŽ® game-time ðŸŽ®
Ineptt.#0159 was in None
Ineptt.#0159 is now in ðŸŽ® game-time ðŸŽ®
Game Time#0461 was in ðŸŽ® game-time ðŸŽ®
Game Time#0461 is now in ðŸŽ® game-time ðŸŽ®
Gepru#5643 was doing none but is now doing none
Gepru#5643 was in ðŸŽ® game-time ðŸŽ®
Gepru#5643 is now in None
Gepru#5643 was doing none but is now doing none
Antares#6087 was doing Left 4 Dead 2 but is now doing none
Antares#6087 was doing none but is now doing Left 4 Dead 2
Antares#6087 was doing Left 4 Dead 2 but is now doing none
Antares#6087 was doing none but is now doing Left 4 Dead 2
bluelephant72#4526 was doing Dota 2 but is now doing none
Ineptt.#0159 was doing none but is now doing none
Ineptt.#0159 was doing none but is now doing none
bearclaw#4299 was doing none but is now doing none
Ineptt.#0159 was doing none but is now doing none
Ineptt.#0159 was doing none but is now doing none
Esoteric1#4667 was doing RAGE 2 but is now doing none
Esoteric1#4667 was doing RAGE 2 but is now doing none
Esoteric1#4667 was doing none but is now doing none
Esoteric1#4667 was doing none but is now doing none
bluelephant72#4526 was doing none but is now doing none
bluelephant72#4526 was doing none but is now doing none
bluelephant72#4526 was doing none but is now doing none
pipdey#4096 was doing RuneLite but is now doing RuneLite
pipdey#4096 was doing RuneLite but is now doing RuneLite
pipdey#4096 was doing RuneLite but is now doing RuneLite
bluelephant72#4526 was doing none but is now doing none
pipdey#4096 was doing RuneLite but is now doing RuneLite
pipdey#4096 was doing RuneLite but is now doing RuneLite
pipdey#4096 was doing RuneLite but is now doing RuneLite
pipdey#4096 was doing RuneLite but is now doing RuneLite
bluelephant72#4526 was doing none but is now doing none
Antares#6087 was doing Left 4 Dead 2 but is now doing none
pipdey#4096 was doing RuneLite but is now doing RuneLite
Antares#6087 was doing none but is now doing Among Us
Antares#6087 was doing Among Us but is now doing Among Us
pipdey#4096 was doing RuneLite but is now doing RuneLite
Antares#6087 was doing Among Us but is now doing Among Us
Antares#6087 was doing Among Us but is now doing Among Us
Antares#6087 was doing Among Us but is now doing Among Us
Antares#6087 was doing Among Us but is now doing Among Us
Antares#6087 was doing Among Us but is now doing Among Us
Antares#6087 was doing Among Us but is now doing Among Us
Antares#6087 was doing Among Us but is now doing Among Us
Antares#6087 was doing Among Us but is now doing Among Us
Antares#6087 was doing Among Us but is now doing Among Us
Antares#6087 was doing Among Us but is now doing Among Us
Antares#6087 was doing Among Us but is now doing Among Us
Antares#6087 was doing Among Us but is now doing Among Us
Antares#6087 was doing Among Us but is now doing Among Us
Antares#6087 was doing Among Us but is now doing Among Us
Antares#6087 was doing Among Us but is now doing Among Us
Antares#6087 was doing Among Us but is now doing Among Us
Antares#6087 was doing Among Us but is now doing Among Us
Antares#6087 was doing Among Us but is now doing Among Us
Antares#6087 was doing Among Us but is now doing Among Us
pipdey#4096 was doing RuneLite but is now doing RuneLite
pipdey#4096 was doing RuneLite but is now doing RuneLite
pipdey#4096 was doing RuneLite but is now doing RuneLite
Antares#6087 was doing Among Us but is now doing Among Us
Antares#6087 was doing Among Us but is now doing Among Us
Antares#6087 was doing Among Us but is now doing Among Us
Antares#6087 was doing Among Us but is now doing Among Us
pipdey#4096 was doing RuneLite but is now doing RuneLite
pipdey#4096 was doing RuneLite but is now doing RuneLite
Antares#6087 was doing Among Us but is now doing Among Us
pipdey#4096 was doing RuneLite but is now doing RuneLite
pipdey#4096 was doing RuneLite but is now doing RuneLite
bluelephant72#4526 was doing none but is now doing none
pipdey#4096 was doing RuneLite but is now doing RuneLite
bluelephant72#4526 was doing none but is now doing none
pipdey#4096 was doing RuneLite but is now doing RuneLite
bluelephant72#4526 was doing none but is now doing none
Antares#6087 was doing Among Us but is now doing Among Us
Antares#6087 was doing Among Us but is now doing Among Us
Antares#6087 was doing Among Us but is now doing Among Us
Antares#6087 was doing Among Us but is now doing Among Us
pipdey#4096 was doing RuneLite but is now doing RuneLite
Antares#6087 was doing Among Us but is now doing Among Us
pipdey#4096 was doing RuneLite but is now doing RuneLite
Esoteric1#4667 was doing none but is now doing none
Esoteric1#4667 was doing none but is now doing none
Esoteric1#4667 was doing none but is now doing none
Esoteric1#4667 was doing none but is now doing none
pipdey#4096 was doing RuneLite but is now doing RuneLite
Antares#6087 was doing Among Us but is now doing Among Us
Antares#6087 was doing Among Us but is now doing Among Us
Antares#6087 was doing Among Us but is now doing Among Us
Antares#6087 was doing Among Us but is now doing Among Us
Antares#6087 was doing Among Us but is now doing Among Us
Antares#6087 was doing Among Us but is now doing Among Us
Antares#6087 was doing Among Us but is now doing Among Us
pipdey#4096 was doing RuneLite but is now doing RuneLite
pipdey#4096 was doing RuneLite but is now doing RuneLite
pipdey#4096 was doing RuneLite but is now doing RuneLite
pipdey#4096 was doing RuneLite but is now doing RuneLite
pipdey#4096 was doing RuneLite but is now doing RuneLite
pipdey#4096 was doing RuneLite but is now doing RuneLite
pipdey#4096 was doing RuneLite but is now doing RuneLite
Antares#6087 was doing Among Us but is now doing Among Us
Antares#6087 was doing Among Us but is now doing Among Us
Antares#6087 was doing Among Us but is now doing Among Us
Antares#6087 was doing Among Us but is now doing Among Us
pipdey#4096 was doing RuneLite but is now doing RuneLite
bluelephant72#4526 was doing none but is now doing none
pipdey#4096 was doing RuneLite but is now doing RuneLite
pipdey#4096 was doing RuneLite but is now doing RuneLite
pipdey#4096 was doing RuneLite but is now doing RuneLite
pipdey#4096 was doing RuneLite but is now doing RuneLite
Antares#6087 was doing Among Us but is now doing Among Us
Antares#6087 was doing Among Us but is now doing Among Us
Antares#6087 was doing Among Us but is now doing Among Us
Antares#6087 was doing Among Us but is now doing Among Us
Antares#6087 was doing Among Us but is now doing Among Us
Antares#6087 was doing Among Us but is now doing Among Us
Antares#6087 was doing Among Us but is now doing Among Us
pipdey#4096 was doing RuneLite but is now doing RuneLite
pipdey#4096 was doing RuneLite but is now doing RuneLite
pipdey#4096 was doing RuneLite but is now doing RuneLite
pipdey#4096 was doing RuneLite but is now doing RuneLite
pipdey#4096 was doing RuneLite but is now doing RuneLite
pipdey#4096 was doing RuneLite but is now doing RuneLite
Antares#6087 was doing Among Us but is now doing Among Us
Antares#6087 was doing Among Us but is now doing Among Us
Antares#6087 was doing Among Us but is now doing Among Us
Antares#6087 was doing Among Us but is now doing Among Us
pipdey#4096 was doing RuneLite but is now doing RuneLite
Antares#6087 was doing Among Us but is now doing Among Us
Antares#6087 was doing Among Us but is now doing Among Us
pipdey#4096 was doing RuneLite but is now doing RuneLite
Antares#6087 was doing Among Us but is now doing Among Us
pipdey#4096 was doing RuneLite but is now doing RuneLite
pipdey#4096 was doing RuneLite but is now doing RuneLite
pipdey#4096 was doing RuneLite but is now doing RuneLite
pipdey#4096 was doing RuneLite but is now doing RuneLite
pipdey#4096 was doing RuneLite but is now doing RuneLite
Antares#6087 was doing Among Us but is now doing Among Us
Antares#6087 was doing Among Us but is now doing Among Us
Antares#6087 was doing Among Us but is now doing Among Us
Antares#6087 was doing Among Us but is now doing Among Us
Antares#6087 was doing Among Us but is now doing Among Us
Antares#6087 was doing Among Us but is now doing Among Us
Antares#6087 was doing Among Us but is now doing Among Us
Antares#6087 was doing Among Us but is now doing Among Us
pipdey#4096 was doing RuneLite but is now doing RuneLite
Antares#6087 was doing Among Us but is now doing Among Us
Antares#6087 was doing Among Us but is now doing Among Us
pipdey#4096 was doing RuneLite but is now doing RuneLite
Antares#6087 was doing Among Us but is now doing Among Us
Antares#6087 was doing Among Us but is now doing Among Us
pipdey#4096 was doing RuneLite but is now doing RuneLite
pipdey#4096 was doing RuneLite but is now doing RuneLite
pipdey#4096 was doing RuneLite but is now doing RuneLite
pipdey#4096 was doing RuneLite but is now doing RuneLite
pipdey#4096 was doing RuneLite but is now doing RuneLite
pipdey#4096 was doing RuneLite but is now doing RuneLite
Antares#6087 was doing Among Us but is now doing Among Us
Antares#6087 was doing Among Us but is now doing Among Us
pipdey#4096 was doing RuneLite but is now doing RuneLite
Antares#6087 was doing Among Us but is now doing Among Us
pipdey#4096 was doing RuneLite but is now doing RuneLite
pipdey#4096 was doing RuneLite but is now doing RuneLite
pipdey#4096 was doing RuneLite but is now doing RuneLite
pipdey#4096 was doing RuneLite but is now doing RuneLite
pipdey#4096 was doing RuneLite but is now doing RuneLite
pipdey#4096 was doing RuneLite but is now doing RuneLite
bluelephant72#4526 was doing none but is now doing none
Antares#6087 was doing Among Us but is now doing Among Us
Antares#6087 was doing Among Us but is now doing Among Us
Antares#6087 was doing Among Us but is now doing Among Us
Antares#6087 was doing Among Us but is now doing Among Us
Antares#6087 was doing Among Us but is now doing Among Us
Antares#6087 was doing Among Us but is now doing Among Us
Antares#6087 was doing Among Us but is now doing Among Us
bluelephant72#4526 was doing none but is now doing none
pipdey#4096 was doing RuneLite but is now doing RuneLite
pipdey#4096 was doing RuneLite but is now doing RuneLite
Antares#6087 was doing Among Us but is now doing Among Us
Antares#6087 was doing Among Us but is now doing Among Us
Antares#6087 was doing Among Us but is now doing Among Us
Antares#6087 was doing Among Us but is now doing Among Us
Antares#6087 was doing Among Us but is now doing Among Us
Antares#6087 was doing Among Us but is now doing Among Us
Antares#6087 was doing Among Us but is now doing Among Us
Antares#6087 was doing Among Us but is now doing Among Us
pipdey#4096 was doing RuneLite but is now doing RuneLite
pipdey#4096 was doing RuneLite but is now doing RuneLite
Antares#6087 was doing Among Us but is now doing Among Us
pipdey#4096 was doing RuneLite but is now doing RuneLite
Antares#6087 was doing Among Us but is now doing Among Us
Antares#6087 was doing Among Us but is now doing Among Us
pipdey#4096 was doing RuneLite but is now doing RuneLite
Antares#6087 was doing Among Us but is now doing Among Us
Antares#6087 was doing Among Us but is now doing Among Us
Antares#6087 was doing Among Us but is now doing Among Us
Antares#6087 was doing Among Us but is now doing Among Us
Antares#6087 was doing Among Us but is now doing Among Us
Antares#6087 was doing Among Us but is now doing Among Us
Antares#6087 was doing Among Us but is now doing Among Us
Antares#6087 was doing Among Us but is now doing Among Us
Antares#6087 was doing Among Us but is now doing Among Us
pipdey#4096 was doing RuneLite but is now doing RuneLite
Antares#6087 was doing Among Us but is now doing Among Us
Antares#6087 was doing Among Us but is now doing Among Us
pipdey#4096 was doing RuneLite but is now doing RuneLite
pipdey#4096 was doing RuneLite but is now doing RuneLite
pipdey#4096 was doing RuneLite but is now doing RuneLite
pipdey#4096 was doing RuneLite but is now doing RuneLite
pipdey#4096 was doing RuneLite but is now doing RuneLite
pipdey#4096 was doing RuneLite but is now doing RuneLite
pipdey#4096 was doing RuneLite but is now doing RuneLite
Antares#6087 was doing Among Us but is now doing Among Us
Antares#6087 was doing Among Us but is now doing Among Us
Antares#6087 was doing Among Us but is now doing Among Us
Antares#6087 was doing Among Us but is now doing Among Us
Antares#6087 was doing Among Us but is now doing Among Us
Antares#6087 was doing Among Us but is now doing none
pipdey#4096 was doing RuneLite but is now doing RuneLite
pipdey#4096 was doing RuneLite but is now doing RuneLite
pipdey#4096 was doing RuneLite but is now doing RuneLite
pipdey#4096 was doing RuneLite but is now doing RuneLite
pipdey#4096 was doing RuneLite but is now doing RuneLite
pipdey#4096 was doing RuneLite but is now doing RuneLite
pipdey#4096 was doing RuneLite but is now doing RuneLite
pipdey#4096 was doing RuneLite but is now doing RuneLite
pipdey#4096 was doing RuneLite but is now doing RuneLite
pipdey#4096 was doing RuneLite but is now doing RuneLite
pipdey#4096 was doing RuneLite but is now doing RuneLite
pipdey#4096 was doing RuneLite but is now doing RuneLite
pipdey#4096 was doing RuneLite but is now doing RuneLite
pipdey#4096 was doing RuneLite but is now doing RuneLite
pipdey#4096 was doing RuneLite but is now doing RuneLite
pipdey#4096 was doing RuneLite but is now doing RuneLite
pipdey#4096 was doing RuneLite but is now doing RuneLite
pipdey#4096 was doing RuneLite but is now doing RuneLite
pipdey#4096 was doing RuneLite but is now doing RuneLite
pipdey#4096 was doing RuneLite but is now doing RuneLite
pipdey#4096 was doing RuneLite but is now doing RuneLite
pipdey#4096 was doing RuneLite but is now doing RuneLite
pipdey#4096 was doing RuneLite but is now doing RuneLite
pipdey#4096 was doing RuneLite but is now doing RuneLite
pipdey#4096 was doing RuneLite but is now doing RuneLite
pipdey#4096 was doing RuneLite but is now doing RuneLite
pipdey#4096 was doing RuneLite but is now doing RuneLite
pipdey#4096 was doing RuneLite but is now doing RuneLite
pipdey#4096 was doing RuneLite but is now doing RuneLite
pipdey#4096 was doing RuneLite but is now doing RuneLite
pipdey#4096 was doing RuneLite but is now doing RuneLite
pipdey#4096 was doing RuneLite but is now doing RuneLite
pipdey#4096 was doing RuneLite but is now doing RuneLite
pipdey#4096 was doing RuneLite but is now doing RuneLite
pipdey#4096 was doing RuneLite but is now doing RuneLite
pipdey#4096 was doing RuneLite but is now doing RuneLite
pipdey#4096 was doing RuneLite but is now doing RuneLite
pipdey#4096 was doing RuneLite but is now doing RuneLite
pipdey#4096 was doing RuneLite but is now doing RuneLite
pipdey#4096 was doing RuneLite but is now doing RuneLite
pipdey#4096 was doing RuneLite but is now doing RuneLite
pipdey#4096 was doing RuneLite but is now doing RuneLite
pipdey#4096 was doing RuneLite but is now doing RuneLite
pipdey#4096 was doing RuneLite but is now doing RuneLite
pipdey#4096 was doing RuneLite but is now doing RuneLite
pipdey#4096 was doing RuneLite but is now doing RuneLite
pipdey#4096 was doing RuneLite but is now doing RuneLite
pipdey#4096 was doing RuneLite but is now doing RuneLite
pipdey#4096 was doing RuneLite but is now doing RuneLite
pipdey#4096 was doing RuneLite but is now doing RuneLite
pipdey#4096 was doing RuneLite but is now doing RuneLite
pipdey#4096 was doing RuneLite but is now doing RuneLite
pipdey#4096 was doing RuneLite but is now doing RuneLite
pipdey#4096 was doing RuneLite but is now doing RuneLite
pipdey#4096 was doing RuneLite but is now doing RuneLite
pipdey#4096 was doing RuneLite but is now doing RuneLite
pipdey#4096 was doing RuneLite but is now doing RuneLite
pipdey#4096 was doing RuneLite but is now doing RuneLite
pipdey#4096 was doing RuneLite but is now doing RuneLite
pipdey#4096 was doing RuneLite but is now doing RuneLite
pipdey#4096 was doing RuneLite but is now doing RuneLite
pipdey#4096 was doing RuneLite but is now doing RuneLite
pipdey#4096 was doing RuneLite but is now doing RuneLite
pipdey#4096 was doing RuneLite but is now doing RuneLite
pipdey#4096 was doing RuneLite but is now doing RuneLite
pipdey#4096 was doing RuneLite but is now doing RuneLite
pipdey#4096 was doing RuneLite but is now doing RuneLite
pipdey#4096 was doing RuneLite but is now doing RuneLite
pipdey#4096 was doing RuneLite but is now doing RuneLite
pipdey#4096 was doing RuneLite but is now doing RuneLite
pipdey#4096 was doing RuneLite but is now doing RuneLite
pipdey#4096 was doing RuneLite but is now doing RuneLite
pipdey#4096 was doing RuneLite but is now doing RuneLite
pipdey#4096 was doing RuneLite but is now doing RuneLite
pipdey#4096 was doing RuneLite but is now doing RuneLite
pipdey#4096 was doing RuneLite but is now doing RuneLite
pipdey#4096 was doing RuneLite but is now doing RuneLite
pipdey#4096 was doing RuneLite but is now doing RuneLite
pipdey#4096 was doing RuneLite but is now doing RuneLite
pipdey#4096 was doing RuneLite but is now doing RuneLite
pipdey#4096 was doing RuneLite but is now doing RuneLite
pipdey#4096 was doing RuneLite but is now doing RuneLite
pipdey#4096 was doing RuneLite but is now doing RuneLite
pipdey#4096 was doing RuneLite but is now doing RuneLite
pipdey#4096 was doing RuneLite but is now doing RuneLite
pipdey#4096 was doing RuneLite but is now doing RuneLite
pipdey#4096 was doing RuneLite but is now doing RuneLite
pipdey#4096 was doing RuneLite but is now doing RuneLite
pipdey#4096 was doing RuneLite but is now doing RuneLite
bluelephant72#4526 was doing none but is now doing none
pipdey#4096 was doing RuneLite but is now doing RuneLite
pipdey#4096 was doing RuneLite but is now doing RuneLite
Ineptt.#0159 was doing none but is now doing none
Ineptt.#0159 was doing none but is now doing none
Ineptt.#0159 was in ðŸŽ® game-time ðŸŽ®
Ineptt.#0159 is now in None
bluelephant72#4526 was doing none but is now doing none
pipdey#4096 was doing RuneLite but is now doing RuneLite
pipdey#4096 was doing RuneLite but is now doing RuneLite
pipdey#4096 was doing RuneLite but is now doing RuneLite
pipdey#4096 was doing RuneLite but is now doing RuneLite
bluelephant72#4526 was doing none but is now doing none
pipdey#4096 was doing RuneLite but is now doing RuneLite
bluelephant72#4526 was doing none but is now doing none
pipdey#4096 was doing RuneLite but is now doing RuneLite
pipdey#4096 was doing RuneLite but is now doing RuneLite
pipdey#4096 was doing RuneLite but is now doing RuneLite
pipdey#4096 was doing RuneLite but is now doing RuneLite
pipdey#4096 was doing RuneLite but is now doing RuneLite
pipdey#4096 was doing RuneLite but is now doing RuneLite
pipdey#4096 was doing RuneLite but is now doing none
Stinno#7876 was doing none but is now doing none
Itzcraze#4352 was doing none but is now doing None
Itzcraze#4352 was doing None but is now doing Minecraft
Itzcraze#4352 was doing Minecraft but is now doing Minecraft
Itzcraze#4352 was doing Minecraft but is now doing none
pipdey#4096 was doing none but is now doing none
pipdey#4096 was doing none but is now doing RuneLite
pipdey#4096 was doing RuneLite but is now doing RuneLite
pipdey#4096 was doing RuneLite but is now doing RuneLite
pipdey#4096 was doing RuneLite but is now doing RuneLite
pipdey#4096 was doing RuneLite but is now doing RuneLite
pipdey#4096 was doing RuneLite but is now doing RuneLite
pipdey#4096 was doing RuneLite but is now doing RuneLite
Gepru#5643 was doing none but is now doing none
Gepru#5643 was doing none but is now doing none
Gepru#5643 was in None
Gepru#5643 is now in ðŸŽ® game-time ðŸŽ®
Game Time#0461 was in ðŸŽ® game-time ðŸŽ®
Game Time#0461 is now in ðŸŽ® game-time ðŸŽ®
Gepru#5643 was in ðŸŽ® game-time ðŸŽ®
Gepru#5643 is now in ðŸŽ® game-time ðŸŽ®
pipdey#4096 was doing RuneLite but is now doing RuneLite
pipdey#4096 was doing RuneLite but is now doing RuneLite
Ineptt.#0159 was doing none but is now doing none
Ineptt.#0159 was doing none but is now doing none
Ineptt.#0159 was in None
Ineptt.#0159 is now in ðŸŽ® game-time ðŸŽ®
Game Time#0461 was in ðŸŽ® game-time ðŸŽ®
Game Time#0461 is now in ðŸŽ® game-time ðŸŽ®
pipdey#4096 was doing RuneLite but is now doing RuneLite
pipdey#4096 was doing RuneLite but is now doing RuneLite
pipdey#4096 was doing RuneLite but is now doing RuneLite
Gepru#5643 was doing none but is now doing none
Gepru#5643 was doing none but is now doing none
pipdey#4096 was doing RuneLite but is now doing RuneLite
Gepru#5643 was doing none but is now doing none
Gepru#5643 was doing none but is now doing none
Gepru#5643 was in ðŸŽ® game-time ðŸŽ®
Gepru#5643 is now in ðŸŽ® game-time ðŸŽ®
pipdey#4096 was doing RuneLite but is now doing RuneLite
pipdey#4096 was doing RuneLite but is now doing RuneLite
Gepru#5643 was doing none but is now doing Call of Duty: Modern Warfare
Gepru#5643 was doing none but is now doing Call of Duty: Modern Warfare
Gepru#5643 was doing Call of Duty: Modern Warfare but is now doing Call of DutyÂ®: Modern WarfareÂ®
Gepru#5643 was doing Call of Duty: Modern Warfare but is now doing Call of DutyÂ®: Modern WarfareÂ®
Gepru#5643 was doing Call of DutyÂ®: Modern WarfareÂ® but is now doing Call of DutyÂ®: Modern WarfareÂ®
Gepru#5643 was doing Call of DutyÂ®: Modern WarfareÂ® but is now doing Call of DutyÂ®: Modern WarfareÂ®
Gepru#5643 was doing Call of DutyÂ®: Modern WarfareÂ® but is now doing Call of DutyÂ®: Modern WarfareÂ®
Gepru#5643 was doing Call of DutyÂ®: Modern WarfareÂ® but is now doing Call of DutyÂ®: Modern WarfareÂ®
pipdey#4096 was doing RuneLite but is now doing RuneLite
pipdey#4096 was doing RuneLite but is now doing RuneLite
pipdey#4096 was doing RuneLite but is now doing RuneLite
pipdey#4096 was doing RuneLite but is now doing RuneLite
pipdey#4096 was doing RuneLite but is now doing RuneLite
Gepru#5643 was doing Call of DutyÂ®: Modern WarfareÂ® but is now doing Call of DutyÂ®: Modern WarfareÂ®
Gepru#5643 was doing Call of DutyÂ®: Modern WarfareÂ® but is now doing Call of DutyÂ®: Modern WarfareÂ®
pipdey#4096 was doing RuneLite but is now doing RuneLite
pipdey#4096 was doing RuneLite but is now doing RuneLite
Gepru#5643 was doing Call of DutyÂ®: Modern WarfareÂ® but is now doing Call of DutyÂ®: Modern WarfareÂ®
Gepru#5643 was doing Call of DutyÂ®: Modern WarfareÂ® but is now doing Call of DutyÂ®: Modern WarfareÂ®
pipdey#4096 was doing RuneLite but is now doing RuneLite
pipdey#4096 was doing RuneLite but is now doing RuneLite
Gepru#5643 was doing Call of DutyÂ®: Modern WarfareÂ® but is now doing Call of DutyÂ®: Modern WarfareÂ®
Gepru#5643 was doing Call of DutyÂ®: Modern WarfareÂ® but is now doing Call of DutyÂ®: Modern WarfareÂ®
pipdey#4096 was doing RuneLite but is now doing RuneLite
Gepru#5643 was doing Call of DutyÂ®: Modern WarfareÂ® but is now doing Call of DutyÂ®: Modern WarfareÂ®
Gepru#5643 was doing Call of DutyÂ®: Modern WarfareÂ® but is now doing Call of DutyÂ®: Modern WarfareÂ®
pipdey#4096 was doing RuneLite but is now doing RuneLite
pipdey#4096 was doing RuneLite but is now doing RuneLite
Esoteric1#4667 was doing none but is now doing none
Esoteric1#4667 was doing none but is now doing none
Esoteric1#4667 was in None
Esoteric1#4667 is now in ðŸŽ® game-time ðŸŽ®
Game Time#0461 was in ðŸŽ® game-time ðŸŽ®
Game Time#0461 is now in ðŸŽ® game-time ðŸŽ®
pipdey#4096 was doing RuneLite but is now doing RuneLite
Esoteric1#4667 was doing none but is now doing Call of Duty: Modern Warfare
Esoteric1#4667 was doing none but is now doing Call of Duty: Modern Warfare
Esoteric1#4667 was doing Call of Duty: Modern Warfare but is now doing Call of DutyÂ®: Modern WarfareÂ®
Esoteric1#4667 was doing Call of Duty: Modern Warfare but is now doing Call of DutyÂ®: Modern WarfareÂ®
Gepru#5643 was doing Call of DutyÂ®: Modern WarfareÂ® but is now doing Call of DutyÂ®: Modern WarfareÂ®
Gepru#5643 was doing Call of DutyÂ®: Modern WarfareÂ® but is now doing Call of DutyÂ®: Modern WarfareÂ®
pipdey#4096 was doing RuneLite but is now doing RuneLite
pipdey#4096 was doing RuneLite but is now doing RuneLite
pipdey#4096 was doing RuneLite but is now doing RuneLite
pipdey#4096 was doing RuneLite but is now doing RuneLite
pipdey#4096 was doing RuneLite but is now doing RuneLite
pipdey#4096 was doing RuneLite but is now doing RuneLite
pipdey#4096 was doing RuneLite but is now doing RuneLite
Gepru#5643 was doing Call of DutyÂ®: Modern WarfareÂ® but is now doing Call of DutyÂ®: Modern WarfareÂ®
Gepru#5643 was doing Call of DutyÂ®: Modern WarfareÂ® but is now doing Call of DutyÂ®: Modern WarfareÂ®
pipdey#4096 was doing RuneLite but is now doing RuneLite
Esoteric1#4667 was doing Call of DutyÂ®: Modern WarfareÂ® but is now doing Call of Duty: Modern Warfare
Esoteric1#4667 was doing Call of DutyÂ®: Modern WarfareÂ® but is now doing Call of Duty: Modern Warfare
Esoteric1#4667 was doing Call of Duty: Modern Warfare but is now doing none
Esoteric1#4667 was doing Call of Duty: Modern Warfare but is now doing none
pipdey#4096 was doing RuneLite but is now doing RuneLite
Esoteric1#4667 was doing none but is now doing Call of Duty: Modern Warfare
Esoteric1#4667 was doing none but is now doing Call of Duty: Modern Warfare
pipdey#4096 was doing RuneLite but is now doing RuneLite
Esoteric1#4667 was doing Call of Duty: Modern Warfare but is now doing Call of DutyÂ®: Modern WarfareÂ®
Esoteric1#4667 was doing Call of Duty: Modern Warfare but is now doing Call of DutyÂ®: Modern WarfareÂ®
Esoteric1#4667 was doing Call of DutyÂ®: Modern WarfareÂ® but is now doing Call of DutyÂ®: Modern WarfareÂ®
Esoteric1#4667 was doing Call of DutyÂ®: Modern WarfareÂ® but is now doing Call of DutyÂ®: Modern WarfareÂ®
pipdey#4096 was doing RuneLite but is now doing RuneLite
Esoteric1#4667 was doing Call of DutyÂ®: Modern WarfareÂ® but is now doing Call of DutyÂ®: Modern WarfareÂ®
Esoteric1#4667 was doing Call of DutyÂ®: Modern WarfareÂ® but is now doing Call of DutyÂ®: Modern WarfareÂ®
pipdey#4096 was doing RuneLite but is now doing RuneLite
Gepru#5643 was doing Call of DutyÂ®: Modern WarfareÂ® but is now doing Call of DutyÂ®: Modern WarfareÂ®
Gepru#5643 was doing Call of DutyÂ®: Modern WarfareÂ® but is now doing Call of DutyÂ®: Modern WarfareÂ®
Esoteric1#4667 was doing Call of DutyÂ®: Modern WarfareÂ® but is now doing Call of DutyÂ®: Modern WarfareÂ®
Esoteric1#4667 was doing Call of DutyÂ®: Modern WarfareÂ® but is now doing Call of DutyÂ®: Modern WarfareÂ®
Esoteric1#4667 was doing Call of DutyÂ®: Modern WarfareÂ® but is now doing Call of DutyÂ®: Modern WarfareÂ®
Esoteric1#4667 was doing Call of DutyÂ®: Modern WarfareÂ® but is now doing Call of DutyÂ®: Modern WarfareÂ®
pipdey#4096 was doing RuneLite but is now doing RuneLite
Gepru#5643 was doing Call of DutyÂ®: Modern WarfareÂ® but is now doing Call of DutyÂ®: Modern WarfareÂ®
Gepru#5643 was doing Call of DutyÂ®: Modern WarfareÂ® but is now doing Call of DutyÂ®: Modern WarfareÂ®
pipdey#4096 was doing RuneLite but is now doing RuneLite
pipdey#4096 was doing RuneLite but is now doing RuneLite
pipdey#4096 was doing RuneLite but is now doing RuneLite
pipdey#4096 was doing RuneLite but is now doing RuneLite
pipdey#4096 was doing RuneLite but is now doing RuneLite
Gepru#5643 was in ðŸŽ® game-time ðŸŽ®
Gepru#5643 is now in ðŸŽ® game-time ðŸŽ®
Gepru#5643 was in ðŸŽ® game-time ðŸŽ®
Gepru#5643 is now in ðŸŽ® game-time ðŸŽ®
pipdey#4096 was doing RuneLite but is now doing RuneLite
pipdey#4096 was doing RuneLite but is now doing RuneLite
pipdey#4096 was doing RuneLite but is now doing RuneLite
Gepru#5643 was doing Call of DutyÂ®: Modern WarfareÂ® but is now doing Call of DutyÂ®: Modern WarfareÂ®
Gepru#5643 was doing Call of DutyÂ®: Modern WarfareÂ® but is now doing Call of DutyÂ®: Modern WarfareÂ®
Esoteric1#4667 was doing Call of DutyÂ®: Modern WarfareÂ® but is now doing Call of DutyÂ®: Modern WarfareÂ®
Esoteric1#4667 was doing Call of DutyÂ®: Modern WarfareÂ® but is now doing Call of DutyÂ®: Modern WarfareÂ®
pipdey#4096 was doing RuneLite but is now doing RuneLite
bearclaw#4299 was doing none but is now doing none
pipdey#4096 was doing RuneLite but is now doing RuneLite
Esoteric1#4667 was doing Call of DutyÂ®: Modern WarfareÂ® but is now doing Call of DutyÂ®: Modern WarfareÂ®
Esoteric1#4667 was doing Call of DutyÂ®: Modern WarfareÂ® but is now doing Call of DutyÂ®: Modern WarfareÂ®
Gepru#5643 was doing Call of DutyÂ®: Modern WarfareÂ® but is now doing Call of DutyÂ®: Modern WarfareÂ®
Gepru#5643 was doing Call of DutyÂ®: Modern WarfareÂ® but is now doing Call of DutyÂ®: Modern WarfareÂ®
bearclaw#4299 was doing none but is now doing none
pipdey#4096 was doing RuneLite but is now doing RuneLite
pipdey#4096 was doing RuneLite but is now doing RuneLite
pipdey#4096 was doing RuneLite but is now doing RuneLite
pipdey#4096 was doing RuneLite but is now doing RuneLite
pipdey#4096 was doing RuneLite but is now doing RuneLite
pipdey#4096 was doing RuneLite but is now doing RuneLite
pipdey#4096 was doing RuneLite but is now doing RuneLite
pipdey#4096 was doing RuneLite but is now doing RuneLite
pipdey#4096 was doing RuneLite but is now doing RuneLite
pipdey#4096 was doing RuneLite but is now doing RuneLite
pipdey#4096 was doing RuneLite but is now doing RuneLite
pipdey#4096 was doing RuneLite but is now doing RuneLite
pipdey#4096 was doing RuneLite but is now doing RuneLite
pipdey#4096 was doing RuneLite but is now doing RuneLite
pipdey#4096 was doing RuneLite but is now doing RuneLite
Esoteric1#4667 was doing Call of DutyÂ®: Modern WarfareÂ® but is now doing Call of DutyÂ®: Modern WarfareÂ®
Esoteric1#4667 was doing Call of DutyÂ®: Modern WarfareÂ® but is now doing Call of DutyÂ®: Modern WarfareÂ®
Gepru#5643 was doing Call of DutyÂ®: Modern WarfareÂ® but is now doing Call of DutyÂ®: Modern WarfareÂ®
Gepru#5643 was doing Call of DutyÂ®: Modern WarfareÂ® but is now doing Call of DutyÂ®: Modern WarfareÂ®
Gepru#5643 was doing Call of DutyÂ®: Modern WarfareÂ® but is now doing Call of DutyÂ®: Modern WarfareÂ®
Gepru#5643 was doing Call of DutyÂ®: Modern WarfareÂ® but is now doing Call of DutyÂ®: Modern WarfareÂ®
Esoteric1#4667 was doing Call of DutyÂ®: Modern WarfareÂ® but is now doing Call of DutyÂ®: Modern WarfareÂ®
Esoteric1#4667 was doing Call of DutyÂ®: Modern WarfareÂ® but is now doing Call of DutyÂ®: Modern WarfareÂ®
pipdey#4096 was doing RuneLite but is now doing RuneLite
pipdey#4096 was doing RuneLite but is now doing RuneLite
pipdey#4096 was doing RuneLite but is now doing RuneLite
pipdey#4096 was doing RuneLite but is now doing RuneLite
pipdey#4096 was doing RuneLite but is now doing RuneLite
pipdey#4096 was doing RuneLite but is now doing RuneLite
Gepru#5643 was doing Call of DutyÂ®: Modern WarfareÂ® but is now doing Call of DutyÂ®: Modern WarfareÂ®
Gepru#5643 was doing Call of DutyÂ®: Modern WarfareÂ® but is now doing Call of DutyÂ®: Modern WarfareÂ®
Esoteric1#4667 was doing Call of DutyÂ®: Modern WarfareÂ® but is now doing Call of DutyÂ®: Modern WarfareÂ®
Esoteric1#4667 was doing Call of DutyÂ®: Modern WarfareÂ® but is now doing Call of DutyÂ®: Modern WarfareÂ®
pipdey#4096 was doing RuneLite but is now doing RuneLite
pipdey#4096 was doing RuneLite but is now doing RuneLite
pipdey#4096 was doing RuneLite but is now doing RuneLite
pipdey#4096 was doing RuneLite but is now doing RuneLite
pipdey#4096 was doing RuneLite but is now doing RuneLite
pipdey#4096 was doing RuneLite but is now doing RuneLite
pipdey#4096 was doing RuneLite but is now doing RuneLite
pipdey#4096 was doing RuneLite but is now doing RuneLite
pipdey#4096 was doing RuneLite but is now doing RuneLite
pipdey#4096 was doing RuneLite but is now doing RuneLite
pipdey#4096 was doing RuneLite but is now doing RuneLite
pipdey#4096 was doing RuneLite but is now doing RuneLite
pipdey#4096 was doing RuneLite but is now doing RuneLite
pipdey#4096 was doing RuneLite but is now doing RuneLite
pipdey#4096 was doing RuneLite but is now doing RuneLite
pipdey#4096 was doing RuneLite but is now doing RuneLite
pipdey#4096 was doing RuneLite but is now doing RuneLite
Gepru#5643 was doing Call of DutyÂ®: Modern WarfareÂ® but is now doing Call of DutyÂ®: Modern WarfareÂ®
Gepru#5643 was doing Call of DutyÂ®: Modern WarfareÂ® but is now doing Call of DutyÂ®: Modern WarfareÂ®
Esoteric1#4667 was doing Call of DutyÂ®: Modern WarfareÂ® but is now doing Call of DutyÂ®: Modern WarfareÂ®
Esoteric1#4667 was doing Call of DutyÂ®: Modern WarfareÂ® but is now doing Call of DutyÂ®: Modern WarfareÂ®
Esoteric1#4667 was doing Call of DutyÂ®: Modern WarfareÂ® but is now doing Call of DutyÂ®: Modern WarfareÂ®
Esoteric1#4667 was doing Call of DutyÂ®: Modern WarfareÂ® but is now doing Call of DutyÂ®: Modern WarfareÂ®
Gepru#5643 was doing Call of DutyÂ®: Modern WarfareÂ® but is now doing Call of DutyÂ®: Modern WarfareÂ®
Gepru#5643 was doing Call of DutyÂ®: Modern WarfareÂ® but is now doing Call of DutyÂ®: Modern WarfareÂ®
pipdey#4096 was doing RuneLite but is now doing RuneLite
pipdey#4096 was doing RuneLite but is now doing RuneLite
Gepru#5643 was doing Call of DutyÂ®: Modern WarfareÂ® but is now doing Call of Duty: Modern Warfare
Gepru#5643 was doing Call of DutyÂ®: Modern WarfareÂ® but is now doing Call of Duty: Modern Warfare
Gepru#5643 was doing Call of Duty: Modern Warfare but is now doing none
Gepru#5643 was doing Call of Duty: Modern Warfare but is now doing none
Esoteric1#4667 was doing Call of DutyÂ®: Modern WarfareÂ® but is now doing Call of Duty: Modern Warfare
Esoteric1#4667 was doing Call of DutyÂ®: Modern WarfareÂ® but is now doing Call of Duty: Modern Warfare
Esoteric1#4667 was doing Call of Duty: Modern Warfare but is now doing none
Esoteric1#4667 was doing Call of Duty: Modern Warfare but is now doing none
Gepru#5643 was doing none but is now doing none
Gepru#5643 was doing none but is now doing none
Gepru#5643 was in ðŸŽ® game-time ðŸŽ®
Gepru#5643 is now in None
Ineptt.#0159 was in ðŸŽ® game-time ðŸŽ®
Ineptt.#0159 is now in None
Esoteric1#4667 was in ðŸŽ® game-time ðŸŽ®
Esoteric1#4667 is now in None
Esoteric1#4667 was in None
Esoteric1#4667 is now in General
Game Time#0461 was in General
Game Time#0461 is now in General
Esoteric1#4667 was in General
Esoteric1#4667 is now in game-time
Game Time#0461 was in General
Game Time#0461 is now in game-time
pipdey#4096 was doing RuneLite but is now doing RuneLite
Ineptt.#0159 was doing none but is now doing none
Ineptt.#0159 was doing none but is now doing none
pipdey#4096 was doing RuneLite but is now doing RuneLite
pipdey#4096 was doing RuneLite but is now doing RuneLite
pipdey#4096 was doing RuneLite but is now doing RuneLite
pipdey#4096 was doing RuneLite but is now doing RuneLite
pipdey#4096 was doing RuneLite but is now doing RuneLite
pipdey#4096 was doing RuneLite but is now doing RuneLite
pipdey#4096 was doing RuneLite but is now doing RuneLite
Esoteric1#4667 was doing none but is now doing Goat Simulator
Esoteric1#4667 was doing none but is now doing Goat Simulator
pipdey#4096 was doing RuneLite but is now doing RuneLite
Esoteric1#4667 was doing Goat Simulator but is now doing none
Esoteric1#4667 was doing Goat Simulator but is now doing none
pipdey#4096 was doing RuneLite but is now doing RuneLite
Esoteric1#4667 was doing none but is now doing Goat Simulator
Esoteric1#4667 was doing none but is now doing Goat Simulator
pipdey#4096 was doing RuneLite but is now doing RuneLite
pipdey#4096 was doing RuneLite but is now doing RuneLite
pipdey#4096 was doing RuneLite but is now doing RuneLite
pipdey#4096 was doing RuneLite but is now doing RuneLite
pipdey#4096 was doing RuneLite but is now doing RuneLite
pipdey#4096 was doing RuneLite but is now doing RuneLite
pipdey#4096 was doing RuneLite but is now doing RuneLite
Esoteric1#4667 was doing Goat Simulator but is now doing none
Esoteric1#4667 was doing Goat Simulator but is now doing none
pipdey#4096 was doing RuneLite but is now doing RuneLite
Esoteric1#4667 was doing none but is now doing GTFO
Esoteric1#4667 was doing none but is now doing GTFO
Antares#6087 was doing none but is now doing none
Antares#6087 was in None
Antares#6087 is now in game-time
Game Time#0461 was in game-time
Game Time#0461 is now in game-time
Antares#6087 was doing none but is now doing GTFO
pipdey#4096 was doing RuneLite but is now doing RuneLite
pipdey#4096 was doing RuneLite but is now doing RuneLite
bluelephant72#4526 was doing none but is now doing none
pipdey#4096 was doing RuneLite but is now doing RuneLite
pipdey#4096 was doing RuneLite but is now doing RuneLite
bluelephant72#4526 was doing none but is now doing none
pipdey#4096 was doing RuneLite but is now doing RuneLite
pipdey#4096 was doing RuneLite but is now doing RuneLite
pipdey#4096 was doing RuneLite but is now doing RuneLite
bluelephant72#4526 was doing none but is now doing none
Pocoyoyo#3140 was in None
Pocoyoyo#3140 is now in game-time
Game Time#0461 was in game-time
Game Time#0461 is now in game-time
Esoteric1#4667 was doing GTFO but is now doing Spotify
Esoteric1#4667 was doing GTFO but is now doing Spotify
Esoteric1#4667 was doing Spotify but is now doing Spotify
Esoteric1#4667 was doing Spotify but is now doing Spotify
bluelephant72#4526 was doing none but is now doing none
Esoteric1#4667 was doing Spotify but is now doing GTFO
Esoteric1#4667 was doing Spotify but is now doing GTFO
Stinno#7876 was doing none but is now doing none
bluelephant72#4526 was doing none but is now doing none
bluelephant72#4526 was in None
bluelephant72#4526 is now in game-time
Game Time#0461 was in game-time
Game Time#0461 is now in game-time
bluelephant72#4526 was doing none but is now doing GTFO
The bot is connected to game-time
Game Time#0461 was in game-time
Game Time#0461 is now in game-time
Bot has left game-time
Game Time#0461 was in game-time
Game Time#0461 is now in None
bluelephant72#4526 was in game-time
bluelephant72#4526 is now in game-time
bluelephant72#4526 was in game-time
bluelephant72#4526 is now in game-time
bluelephant72#4526 was in game-time
bluelephant72#4526 is now in game-time
bluelephant72#4526 was in game-time
bluelephant72#4526 is now in game-time
Esoteric1#4667 was doing GTFO but is now doing Spotify
Esoteric1#4667 was doing GTFO but is now doing Spotify
Esoteric1#4667 was doing Spotify but is now doing GTFO
Esoteric1#4667 was doing Spotify but is now doing GTFO
Esoteric1#4667 was doing GTFO but is now doing Spotify
Esoteric1#4667 was doing GTFO but is now doing Spotify
Esoteric1#4667 was doing Spotify but is now doing GTFO
Esoteric1#4667 was doing Spotify but is now doing GTFO
Esoteric1#4667 was doing GTFO but is now doing SpotifyIgnoring exception in command play_file:
Traceback (most recent call last):
  File "/home/esoteric1/anaconda3/lib/python3.7/site-packages/discord/ext/commands/core.py", line 85, in wrapped
    ret = await coro(*args, **kwargs)
  File "/home/esoteric1/Documents/Projects/Game_Time_Discord_Bot/bot_audio.py", line 31, in play_file
    channel = ctx.message.author.voice.channel
AttributeError: 'NoneType' object has no attribute 'channel'

The above exception was the direct cause of the following exception:

Traceback (most recent call last):
  File "/home/esoteric1/anaconda3/lib/python3.7/site-packages/discord/ext/commands/bot.py", line 903, in invoke
    await ctx.command.invoke(ctx)
  File "/home/esoteric1/anaconda3/lib/python3.7/site-packages/discord/ext/commands/core.py", line 855, in invoke
    await injected(*ctx.args, **ctx.kwargs)
  File "/home/esoteric1/anaconda3/lib/python3.7/site-packages/discord/ext/commands/core.py", line 94, in wrapped
    raise CommandInvokeError(exc) from exc
discord.ext.commands.errors.CommandInvokeError: Command raised an exception: AttributeError: 'NoneType' object has no attribute 'channel'
websocket connection is closing.
websocket connection is closing.

Esoteric1#4667 was doing GTFO but is now doing Spotify
Esoteric1#4667 was doing Spotify but is now doing GTFO
Esoteric1#4667 was doing Spotify but is now doing GTFO
Esoteric1#4667 was doing GTFO but is now doing Spotify
Esoteric1#4667 was doing GTFO but is now doing Spotify
Esoteric1#4667 was doing Spotify but is now doing GTFO
Esoteric1#4667 was doing Spotify but is now doing GTFO
Esoteric1#4667 was doing GTFO but is now doing Spotify
Esoteric1#4667 was doing GTFO but is now doing Spotify
Esoteric1#4667 was doing Spotify but is now doing GTFO
Esoteric1#4667 was doing Spotify but is now doing GTFO
Esoteric1#4667 was doing GTFO but is now doing Spotify
Esoteric1#4667 was doing GTFO but is now doing Spotify
Esoteric1#4667 was doing Spotify but is now doing GTFO
Esoteric1#4667 was doing Spotify but is now doing GTFO
Esoteric1#4667 was doing GTFO but is now doing Spotify
Esoteric1#4667 was doing GTFO but is now doing Spotify
Esoteric1#4667 was doing Spotify but is now doing GTFO
Esoteric1#4667 was doing Spotify but is now doing GTFO
Esoteric1#4667 was doing GTFO but is now doing Spotify
Esoteric1#4667 was doing GTFO but is now doing Spotify
Esoteric1#4667 was doing Spotify but is now doing GTFO
Esoteric1#4667 was doing Spotify but is now doing GTFO
bearclaw#4299 was doing none but is now doing none
Gepru#5643 was doing none but is now doing none
Gepru#5643 was doing none but is now doing none
Gepru#5643 was in None
Gepru#5643 is now in ðŸŽ® game-time ðŸŽ®
Game Time#0461 was in ðŸŽ® game-time ðŸŽ®
Game Time#0461 is now in ðŸŽ® game-time ðŸŽ®
Pocoyoyo#3140 was in game-time
Pocoyoyo#3140 is now in None
Ineptt.#0159 was doing none but is now doing none
Ineptt.#0159 was doing none but is now doing none
Ineptt.#0159 was in None
Ineptt.#0159 is now in ðŸŽ® game-time ðŸŽ®
Game Time#0461 was in ðŸŽ® game-time ðŸŽ®
Game Time#0461 is now in ðŸŽ® game-time ðŸŽ®
Gepru#5643 was doing none but is now doing No Man's Sky
Gepru#5643 was doing none but is now doing No Man's Sky
Ineptt.#0159 was in ðŸŽ® game-time ðŸŽ®
Ineptt.#0159 is now in None
bearclaw#4299 was doing none but is now doing none
pipdey#4096 was doing RuneLite but is now doing RuneLite
pipdey#4096 was doing RuneLite but is now doing RuneLite
pipdey#4096 was doing RuneLite but is now doing RuneLite
pipdey#4096 was doing RuneLite but is now doing RuneLite
Pocoyoyo#3140 was in None
Pocoyoyo#3140 is now in game-time
Game Time#0461 was in None
Game Time#0461 is now in game-time
The bot is connected to game-time
Game Time#0461 was in game-time
Game Time#0461 is now in game-time
Pocoyoyo#3140 was in game-time
Pocoyoyo#3140 is now in None
bearclaw#4299 was doing none but is now doing none
bluelephant72#4526 was doing GTFO but is now doing none
Esoteric1#4667 was doing GTFO but is now doing none
Esoteric1#4667 was doing GTFO but is now doing none
Antares#6087 was doing GTFO but is now doing none
Esoteric1#4667 was doing none but is now doing none
Esoteric1#4667 was doing none but is now doing none
Esoteric1#4667 was in game-time
Esoteric1#4667 is now in None
bluelephant72#4526 was in game-time
bluelephant72#4526 is now in None
Antares#6087 was in game-time
Antares#6087 is now in None
Esoteric1#4667 was doing none but is now doing none
Esoteric1#4667 was doing none but is now doing none
Antares#6087 was doing none but is now doing none
bluelephant72#4526 was doing none but is now doing Dota 2
Esoteric1#4667 was doing none but is now doing none
Esoteric1#4667 was doing none but is now doing none
Ignoring exception in command update:
Traceback (most recent call last):
  File "/home/esoteric1/anaconda3/lib/python3.7/site-packages/discord/ext/commands/core.py", line 85, in wrapped
    ret = await coro(*args, **kwargs)
  File "/home/esoteric1/Documents/Projects/Game_Time_Discord_Bot/bot_commands.py", line 84, in update
    os.system("bash bot_update.sh")
NameError: name 'os' is not defined

The above exception was the direct cause of the following exception:

Traceback (most recent call last):
  File "/home/esoteric1/anaconda3/lib/python3.7/site-packages/discord/ext/commands/bot.py", line 903, in invoke
    await ctx.command.invoke(ctx)
  File "/home/esoteric1/anaconda3/lib/python3.7/site-packages/discord/ext/commands/core.py", line 855, in invoke
    await injected(*ctx.args, **ctx.kwargs)
  File "/home/esoteric1/anaconda3/lib/python3.7/site-packages/discord/ext/commands/core.py", line 94, in wrapped
    raise CommandInvokeError(exc) from exc
discord.ext.commands.errors.CommandInvokeError: Command raised an exception: NameError: name 'os' is not defined
Ignoring exception in command update:
Traceback (most recent call last):
  File "/home/esoteric1/anaconda3/lib/python3.7/site-packages/discord/ext/commands/core.py", line 85, in wrapped
    ret = await coro(*args, **kwargs)
  File "/home/esoteric1/Documents/Projects/Game_Time_Discord_Bot/bot_commands.py", line 84, in update
    os.system("bash bot_update.sh")
NameError: name 'os' is not defined

The above exception was the direct cause of the following exception:

Traceback (most recent call last):
  File "/home/esoteric1/anaconda3/lib/python3.7/site-packages/discord/ext/commands/bot.py", line 903, in invoke
    await ctx.command.invoke(ctx)
  File "/home/esoteric1/anaconda3/lib/python3.7/site-packages/discord/ext/commands/core.py", line 855, in invoke
    await injected(*ctx.args, **ctx.kwargs)
  File "/home/esoteric1/anaconda3/lib/python3.7/site-packages/discord/ext/commands/core.py", line 94, in wrapped
    raise CommandInvokeError(exc) from exc
discord.ext.commands.errors.CommandInvokeError: Command raised an exception: NameError: name 'os' is not defined
Ignoring exception in command update:
Traceback (most recent call last):
  File "/home/esoteric1/anaconda3/lib/python3.7/site-packages/discord/ext/commands/core.py", line 85, in wrapped
    ret = await coro(*args, **kwargs)
  File "/home/esoteric1/Documents/Projects/Game_Time_Discord_Bot/bot_commands.py", line 84, in update
    async def update(self, ctx):
NameError: name 'os' is not defined

The above exception was the direct cause of the following exception:

Traceback (most recent call last):
  File "/home/esoteric1/anaconda3/lib/python3.7/site-packages/discord/ext/commands/bot.py", line 903, in invoke
    await ctx.command.invoke(ctx)
  File "/home/esoteric1/anaconda3/lib/python3.7/site-packages/discord/ext/commands/core.py", line 855, in invoke
    await injected(*ctx.args, **ctx.kwargs)
  File "/home/esoteric1/anaconda3/lib/python3.7/site-packages/discord/ext/commands/core.py", line 94, in wrapped
    raise CommandInvokeError(exc) from exc
discord.ext.commands.errors.CommandInvokeError: Command raised an exception: NameError: name 'os' is not defined
Logged in as Game Time
Esoteric1#4667 was doing none but is now doing none
Esoteric1#4667 was doing none but is now doing none
Logged in as Game Time
Game Time#0461 was in ðŸŽ® game-time ðŸŽ®
Game Time#0461 is now in None
Game Time#0461 was in game-time
Game Time#0461 is now in None
Esoteric1#4667 was doing none but is now doing none
Esoteric1#4667 was doing none but is now doing none
Esoteric1#4667 was doing none but is now doing none
Esoteric1#4667 was doing none but is now doing none
Esoteric1#4667 was doing none but is now doing none
Esoteric1#4667 was doing none but is now doing none
Itzcraze#4352 was doing none but is now doing Minecraft
Itzcraze#4352 was doing Minecraft but is now doing Minecraft
Esoteric1#4667 was doing none but is now doing none
Esoteric1#4667 was doing none but is now doing none
Itzcraze#4352 was doing Minecraft but is now doing Minecraft
Itzcraze#4352 was doing Minecraft but is now doing none
bearclaw#4299 was doing none but is now doing none
pipdey#4096 was doing RuneLite but is now doing RuneLite
pipdey#4096 was doing RuneLite but is now doing RuneLite
Esoteric1#4667 was doing none but is now doing none
Esoteric1#4667 was doing none but is now doing none
Itzcraze#4352 was doing none but is now doing Minecraft
Itzcraze#4352 was doing Minecraft but is now doing Minecraft
pipdey#4096 was doing RuneLite but is now doing RuneLite
Itzcraze#4352 was doing Minecraft but is now doing none
pipdey#4096 was doing RuneLite but is now doing RuneLite
Ineptt.#0159 was in None
Ineptt.#0159 is now in ðŸŽ® game-time ðŸŽ®
Game Time#0461 was in None
Game Time#0461 is now in ðŸŽ® game-time ðŸŽ®
pipdey#4096 was doing RuneLite but is now doing Rocket League
Esoteric1#4667 was doing none but is now doing none
Esoteric1#4667 was doing none but is now doing none
pipdey#4096 was doing Rocket League but is now doing Rocket League
pipdey#4096 was doing Rocket League but is now doing Rocket League
pipdey#4096 was doing Rocket League but is now doing Rocket League
Esoteric1#4667 was doing none but is now doing none
Esoteric1#4667 was doing none but is now doing none
pipdey#4096 was doing Rocket League but is now doing Rocket League
pipdey#4096 was doing Rocket League but is now doing RuneLite
pipdey#4096 was doing RuneLite but is now doing Rocket League
pipdey#4096 was doing Rocket League but is now doing Rocket League
pipdey#4096 was doing Rocket League but is now doing Rocket League
pipdey#4096 was doing Rocket League but is now doing Rocket League
Gepru#5643 was doing No Man's Sky but is now doing none
Gepru#5643 was doing No Man's Sky but is now doing none
Gepru#5643 was doing none but is now doing none
Gepru#5643 was doing none but is now doing none
Gepru#5643 was in ðŸŽ® game-time ðŸŽ®
Gepru#5643 is now in None
bluelephant72#4526 was doing Dota 2 but is now doing none
Esoteric1#4667 was doing none but is now doing none
Esoteric1#4667 was doing none but is now doing none
Ineptt.#0159 was in ðŸŽ® game-time ðŸŽ®
Ineptt.#0159 is now in None
pipdey#4096 was doing Rocket League but is now doing Rocket League
pipdey#4096 was doing Rocket League but is now doing Rocket League
pipdey#4096 was doing Rocket League but is now doing Rocket League
pipdey#4096 was doing Rocket League but is now doing Rocket League
Esoteric1#4667 was doing none but is now doing none
Esoteric1#4667 was doing none but is now doing none
pipdey#4096 was doing Rocket League but is now doing Rocket League
pipdey#4096 was doing Rocket League but is now doing Rocket League
pipdey#4096 was doing Rocket League but is now doing Rocket League
Ineptt.#0159 was doing none but is now doing none
Ineptt.#0159 was doing none but is now doing none
pipdey#4096 was doing Rocket League but is now doing Rocket League
bluelephant72#4526 was doing none but is now doing none
pipdey#4096 was doing Rocket League but is now doing Rocket League
pipdey#4096 was doing Rocket League but is now doing Rocket League
pipdey#4096 was doing Rocket League but is now doing Rocket League
pipdey#4096 was doing Rocket League but is now doing Rocket League
pipdey#4096 was doing Rocket League but is now doing Rocket League
pipdey#4096 was doing Rocket League but is now doing Rocket League
pipdey#4096 was doing Rocket League but is now doing Rocket League
pipdey#4096 was doing Rocket League but is now doing Rocket League
Esoteric1#4667 was doing none but is now doing none
Esoteric1#4667 was doing none but is now doing none
pipdey#4096 was doing Rocket League but is now doing Rocket League
pipdey#4096 was doing Rocket League but is now doing Rocket League
pipdey#4096 was doing Rocket League but is now doing Rocket League
bluelephant72#4526 was doing none but is now doing none
pipdey#4096 was doing Rocket League but is now doing Rocket League
pipdey#4096 was doing Rocket League but is now doing Rocket League
pipdey#4096 was doing Rocket League but is now doing Rocket League
Esoteric1#4667 was doing none but is now doing none
Esoteric1#4667 was doing none but is now doing none
pipdey#4096 was doing Rocket League but is now doing Rocket League
pipdey#4096 was doing Rocket League but is now doing Rocket League
pipdey#4096 was doing Rocket League but is now doing Rocket League
bluelephant72#4526 was doing none but is now doing none
pipdey#4096 was doing Rocket League but is now doing Rocket League
pipdey#4096 was doing Rocket League but is now doing Rocket League
Game Time#0461 was in ðŸŽ® game-time ðŸŽ®
Game Time#0461 is now in None
Game Time#0461 was in None
Game Time#0461 is now in ðŸŽ® game-time ðŸŽ®
pipdey#4096 was doing Rocket League but is now doing Rocket League
pipdey#4096 was doing Rocket League but is now doing Rocket League
pipdey#4096 was doing Rocket League but is now doing Rocket League
pipdey#4096 was doing Rocket League but is now doing Rocket League
pipdey#4096 was doing Rocket League but is now doing Rocket League
pipdey#4096 was doing Rocket League but is now doing Rocket League
pipdey#4096 was doing Rocket League but is now doing Rocket League
Game Time#0461 was in ðŸŽ® game-time ðŸŽ®
Game Time#0461 is now in None
Game Time#0461 was in None
Game Time#0461 is now in ðŸŽ® game-time ðŸŽ®
pipdey#4096 was doing Rocket League but is now doing Rocket League
pipdey#4096 was doing Rocket League but is now doing Rocket League
pipdey#4096 was doing Rocket League but is now doing Rocket League
pipdey#4096 was doing Rocket League but is now doing Rocket League
pipdey#4096 was doing Rocket League but is now doing Rocket League
pipdey#4096 was doing Rocket League but is now doing Rocket League
pipdey#4096 was doing Rocket League but is now doing Rocket League
pipdey#4096 was doing Rocket League but is now doing Rocket League
pipdey#4096 was doing Rocket League but is now doing Rocket League
pipdey#4096 was doing Rocket League but is now doing Rocket League
pipdey#4096 was doing Rocket League but is now doing Rocket League
pipdey#4096 was doing Rocket League but is now doing Rocket League
Esoteric1#4667 was doing none but is now doing none
Esoteric1#4667 was doing none but is now doing none
Esoteric1#4667 was doing none but is now doing none
Esoteric1#4667 was doing none but is now doing none
pipdey#4096 was doing Rocket League but is now doing Rocket League
pipdey#4096 was doing Rocket League but is now doing Rocket League
pipdey#4096 was doing Rocket League but is now doing Rocket League
pipdey#4096 was doing Rocket League but is now doing Rocket League
pipdey#4096 was doing Rocket League but is now doing Rocket League
pipdey#4096 was doing Rocket League but is now doing Rocket League
pipdey#4096 was doing Rocket League but is now doing Rocket League
pipdey#4096 was doing Rocket League but is now doing Rocket League
pipdey#4096 was doing Rocket League but is now doing Rocket League
pipdey#4096 was doing Rocket League but is now doing Rocket League
Esoteric1#4667 was doing none but is now doing none
Esoteric1#4667 was doing none but is now doing none
Gepru#5643 was doing none but is now doing none
Gepru#5643 was doing none but is now doing none
Gepru#5643 was in None
Gepru#5643 is now in ðŸŽ® game-time ðŸŽ®
Game Time#0461 was in ðŸŽ® game-time ðŸŽ®
Game Time#0461 is now in ðŸŽ® game-time ðŸŽ®
Esoteric1#4667 was in None
Esoteric1#4667 is now in ðŸŽ® game-time ðŸŽ®
Game Time#0461 was in ðŸŽ® game-time ðŸŽ®
Game Time#0461 is now in ðŸŽ® game-time ðŸŽ®